[DEBUG] 2024-02-17 20:26:45.062 [main] IntegratorServiceImpl - Adding Integrator [org.hibernate.boot.beanvalidation.BeanValidationIntegrator].
[DEBUG] 2024-02-17 20:26:45.065 [main] IntegratorServiceImpl - Adding Integrator [org.hibernate.cache.internal.CollectionCacheInvalidator].
[INFO ] 2024-02-17 20:26:45.080 [main] Version - HHH000412: Hibernate ORM core version 6.4.3.Final
[DEBUG] 2024-02-17 20:26:45.081 [main] Environment - HHH000206: 'hibernate.properties' not found
[DEBUG] 2024-02-17 20:26:45.111 [main] LocalXmlResourceResolver - Checking public/system identifiers `-//Hibernate/Hibernate Configuration DTD//EN`/`http://www.hibernate.org/dtd/hibernate-configuration-3.0.dtd` as DTD references
[DEBUG] 2024-02-17 20:26:45.115 [main] JaxbCfgProcessor - cfg.xml document did not define namespaces; wrapping in custom event reader to introduce namespace information
[DEBUG] 2024-02-17 20:26:45.227 [main] factory - Ignoring CDI for resolving IdentifierGenerator instances as extended or delayed CDI support was enabled
[DEBUG] 2024-02-17 20:26:45.229 [main] factory - Registering IdentifierGenerator strategy [uuid2] -> [org.hibernate.id.UUIDGenerator]
[DEBUG] 2024-02-17 20:26:45.229 [main] factory - Registering IdentifierGenerator strategy [guid] -> [org.hibernate.id.GUIDGenerator]
[DEBUG] 2024-02-17 20:26:45.230 [main] factory - Registering IdentifierGenerator strategy [uuid] -> [org.hibernate.id.UUIDHexGenerator]
[DEBUG] 2024-02-17 20:26:45.230 [main] factory - Registering IdentifierGenerator strategy [uuid.hex] -> [org.hibernate.id.UUIDHexGenerator]
[DEBUG] 2024-02-17 20:26:45.230 [main] factory - Registering IdentifierGenerator strategy [assigned] -> [org.hibernate.id.Assigned]
[DEBUG] 2024-02-17 20:26:45.230 [main] factory - Registering IdentifierGenerator strategy [identity] -> [org.hibernate.id.IdentityGenerator]
[DEBUG] 2024-02-17 20:26:45.230 [main] factory - Registering IdentifierGenerator strategy [select] -> [org.hibernate.id.SelectGenerator]
[DEBUG] 2024-02-17 20:26:45.231 [main] factory - Registering IdentifierGenerator strategy [sequence] -> [org.hibernate.id.enhanced.SequenceStyleGenerator]
[DEBUG] 2024-02-17 20:26:45.231 [main] factory - Registering IdentifierGenerator strategy [increment] -> [org.hibernate.id.IncrementGenerator]
[DEBUG] 2024-02-17 20:26:45.231 [main] factory - Registering IdentifierGenerator strategy [foreign] -> [org.hibernate.id.ForeignGenerator]
[DEBUG] 2024-02-17 20:26:45.231 [main] factory - Registering IdentifierGenerator strategy [enhanced-sequence] -> [org.hibernate.id.enhanced.SequenceStyleGenerator]
[DEBUG] 2024-02-17 20:26:45.231 [main] factory - Registering IdentifierGenerator strategy [enhanced-table] -> [org.hibernate.id.enhanced.TableGenerator]
[DEBUG] 2024-02-17 20:26:45.237 [main] RegionFactoryInitiator - Cannot default RegionFactory based on registered strategies as `[]` RegionFactory strategies were registered
[INFO ] 2024-02-17 20:26:45.237 [main] RegionFactoryInitiator - HHH000026: Second-level cache disabled
[DEBUG] 2024-02-17 20:26:45.282 [main] BasicTypeRegistry - Adding type registration boolean -> org.hibernate.type.BasicTypeReference@53692008
[DEBUG] 2024-02-17 20:26:45.282 [main] BasicTypeRegistry - Adding type registration boolean -> org.hibernate.type.BasicTypeReference@53692008
[DEBUG] 2024-02-17 20:26:45.282 [main] BasicTypeRegistry - Adding type registration java.lang.Boolean -> org.hibernate.type.BasicTypeReference@53692008
[DEBUG] 2024-02-17 20:26:45.282 [main] BasicTypeRegistry - Adding type registration numeric_boolean -> org.hibernate.type.BasicTypeReference@7b2a3ff8
[DEBUG] 2024-02-17 20:26:45.283 [main] BasicTypeRegistry - Adding type registration org.hibernate.type.NumericBooleanConverter -> org.hibernate.type.BasicTypeReference@7b2a3ff8
[DEBUG] 2024-02-17 20:26:45.283 [main] BasicTypeRegistry - Adding type registration true_false -> org.hibernate.type.BasicTypeReference@1bbae752
[DEBUG] 2024-02-17 20:26:45.283 [main] BasicTypeRegistry - Adding type registration org.hibernate.type.TrueFalseConverter -> org.hibernate.type.BasicTypeReference@1bbae752
[DEBUG] 2024-02-17 20:26:45.283 [main] BasicTypeRegistry - Adding type registration yes_no -> org.hibernate.type.BasicTypeReference@460b6d54
[DEBUG] 2024-02-17 20:26:45.283 [main] BasicTypeRegistry - Adding type registration org.hibernate.type.YesNoConverter -> org.hibernate.type.BasicTypeReference@460b6d54
[DEBUG] 2024-02-17 20:26:45.283 [main] BasicTypeRegistry - Adding type registration byte -> org.hibernate.type.BasicTypeReference@5cf87cfd
[DEBUG] 2024-02-17 20:26:45.283 [main] BasicTypeRegistry - Adding type registration byte -> org.hibernate.type.BasicTypeReference@5cf87cfd
[DEBUG] 2024-02-17 20:26:45.283 [main] BasicTypeRegistry - Adding type registration java.lang.Byte -> org.hibernate.type.BasicTypeReference@5cf87cfd
[DEBUG] 2024-02-17 20:26:45.283 [main] BasicTypeRegistry - Adding type registration binary -> org.hibernate.type.BasicTypeReference@76075d65
[DEBUG] 2024-02-17 20:26:45.283 [main] BasicTypeRegistry - Adding type registration byte[] -> org.hibernate.type.BasicTypeReference@76075d65
[DEBUG] 2024-02-17 20:26:45.283 [main] BasicTypeRegistry - Adding type registration [B -> org.hibernate.type.BasicTypeReference@76075d65
[DEBUG] 2024-02-17 20:26:45.283 [main] BasicTypeRegistry - Adding type registration binary_wrapper -> org.hibernate.type.BasicTypeReference@3a4ba480
[DEBUG] 2024-02-17 20:26:45.283 [main] BasicTypeRegistry - Adding type registration wrapper-binary -> org.hibernate.type.BasicTypeReference@3a4ba480
[DEBUG] 2024-02-17 20:26:45.283 [main] BasicTypeRegistry - Adding type registration image -> org.hibernate.type.BasicTypeReference@27b71f50
[DEBUG] 2024-02-17 20:26:45.283 [main] BasicTypeRegistry - Adding type registration blob -> org.hibernate.type.BasicTypeReference@383790cf
[DEBUG] 2024-02-17 20:26:45.283 [main] BasicTypeRegistry - Adding type registration java.sql.Blob -> org.hibernate.type.BasicTypeReference@383790cf
[DEBUG] 2024-02-17 20:26:45.283 [main] BasicTypeRegistry - Adding type registration materialized_blob -> org.hibernate.type.BasicTypeReference@74971ed9
[DEBUG] 2024-02-17 20:26:45.283 [main] BasicTypeRegistry - Adding type registration materialized_blob_wrapper -> org.hibernate.type.BasicTypeReference@131fcb6f
[DEBUG] 2024-02-17 20:26:45.283 [main] BasicTypeRegistry - Adding type registration short -> org.hibernate.type.BasicTypeReference@ccd1bc3
[DEBUG] 2024-02-17 20:26:45.283 [main] BasicTypeRegistry - Adding type registration short -> org.hibernate.type.BasicTypeReference@ccd1bc3
[DEBUG] 2024-02-17 20:26:45.283 [main] BasicTypeRegistry - Adding type registration java.lang.Short -> org.hibernate.type.BasicTypeReference@ccd1bc3
[DEBUG] 2024-02-17 20:26:45.283 [main] BasicTypeRegistry - Adding type registration integer -> org.hibernate.type.BasicTypeReference@878537d
[DEBUG] 2024-02-17 20:26:45.283 [main] BasicTypeRegistry - Adding type registration int -> org.hibernate.type.BasicTypeReference@878537d
[DEBUG] 2024-02-17 20:26:45.283 [main] BasicTypeRegistry - Adding type registration java.lang.Integer -> org.hibernate.type.BasicTypeReference@878537d
[DEBUG] 2024-02-17 20:26:45.283 [main] BasicTypeRegistry - Adding type registration long -> org.hibernate.type.BasicTypeReference@4455f57d
[DEBUG] 2024-02-17 20:26:45.283 [main] BasicTypeRegistry - Adding type registration long -> org.hibernate.type.BasicTypeReference@4455f57d
[DEBUG] 2024-02-17 20:26:45.283 [main] BasicTypeRegistry - Adding type registration java.lang.Long -> org.hibernate.type.BasicTypeReference@4455f57d
[DEBUG] 2024-02-17 20:26:45.283 [main] BasicTypeRegistry - Adding type registration float -> org.hibernate.type.BasicTypeReference@29fc1a2b
[DEBUG] 2024-02-17 20:26:45.283 [main] BasicTypeRegistry - Adding type registration float -> org.hibernate.type.BasicTypeReference@29fc1a2b
[DEBUG] 2024-02-17 20:26:45.283 [main] BasicTypeRegistry - Adding type registration java.lang.Float -> org.hibernate.type.BasicTypeReference@29fc1a2b
[DEBUG] 2024-02-17 20:26:45.283 [main] BasicTypeRegistry - Adding type registration double -> org.hibernate.type.BasicTypeReference@4d0b0fd4
[DEBUG] 2024-02-17 20:26:45.283 [main] BasicTypeRegistry - Adding type registration double -> org.hibernate.type.BasicTypeReference@4d0b0fd4
[DEBUG] 2024-02-17 20:26:45.283 [main] BasicTypeRegistry - Adding type registration java.lang.Double -> org.hibernate.type.BasicTypeReference@4d0b0fd4
[DEBUG] 2024-02-17 20:26:45.283 [main] BasicTypeRegistry - Adding type registration big_integer -> org.hibernate.type.BasicTypeReference@7a24eb3
[DEBUG] 2024-02-17 20:26:45.283 [main] BasicTypeRegistry - Adding type registration java.math.BigInteger -> org.hibernate.type.BasicTypeReference@7a24eb3
[DEBUG] 2024-02-17 20:26:45.283 [main] BasicTypeRegistry - Adding type registration big_decimal -> org.hibernate.type.BasicTypeReference@6c37bd27
[DEBUG] 2024-02-17 20:26:45.284 [main] BasicTypeRegistry - Adding type registration java.math.BigDecimal -> org.hibernate.type.BasicTypeReference@6c37bd27
[DEBUG] 2024-02-17 20:26:45.284 [main] BasicTypeRegistry - Adding type registration character -> org.hibernate.type.BasicTypeReference@25d3cfc8
[DEBUG] 2024-02-17 20:26:45.284 [main] BasicTypeRegistry - Adding type registration char -> org.hibernate.type.BasicTypeReference@25d3cfc8
[DEBUG] 2024-02-17 20:26:45.284 [main] BasicTypeRegistry - Adding type registration java.lang.Character -> org.hibernate.type.BasicTypeReference@25d3cfc8
[DEBUG] 2024-02-17 20:26:45.284 [main] BasicTypeRegistry - Adding type registration character_nchar -> org.hibernate.type.BasicTypeReference@30331109
[DEBUG] 2024-02-17 20:26:45.284 [main] BasicTypeRegistry - Adding type registration string -> org.hibernate.type.BasicTypeReference@2571066a
[DEBUG] 2024-02-17 20:26:45.284 [main] BasicTypeRegistry - Adding type registration java.lang.String -> org.hibernate.type.BasicTypeReference@2571066a
[DEBUG] 2024-02-17 20:26:45.284 [main] BasicTypeRegistry - Adding type registration nstring -> org.hibernate.type.BasicTypeReference@74fe5966
[DEBUG] 2024-02-17 20:26:45.284 [main] BasicTypeRegistry - Adding type registration characters -> org.hibernate.type.BasicTypeReference@4fe875be
[DEBUG] 2024-02-17 20:26:45.284 [main] BasicTypeRegistry - Adding type registration char[] -> org.hibernate.type.BasicTypeReference@4fe875be
[DEBUG] 2024-02-17 20:26:45.284 [main] BasicTypeRegistry - Adding type registration [C -> org.hibernate.type.BasicTypeReference@4fe875be
[DEBUG] 2024-02-17 20:26:45.284 [main] BasicTypeRegistry - Adding type registration wrapper-characters -> org.hibernate.type.BasicTypeReference@677b8e13
[DEBUG] 2024-02-17 20:26:45.284 [main] BasicTypeRegistry - Adding type registration text -> org.hibernate.type.BasicTypeReference@4a9486c0
[DEBUG] 2024-02-17 20:26:45.284 [main] BasicTypeRegistry - Adding type registration ntext -> org.hibernate.type.BasicTypeReference@4c27d39d
[DEBUG] 2024-02-17 20:26:45.284 [main] BasicTypeRegistry - Adding type registration clob -> org.hibernate.type.BasicTypeReference@40ee0a22
[DEBUG] 2024-02-17 20:26:45.284 [main] BasicTypeRegistry - Adding type registration java.sql.Clob -> org.hibernate.type.BasicTypeReference@40ee0a22
[DEBUG] 2024-02-17 20:26:45.284 [main] BasicTypeRegistry - Adding type registration nclob -> org.hibernate.type.BasicTypeReference@7bde1f3a
[DEBUG] 2024-02-17 20:26:45.284 [main] BasicTypeRegistry - Adding type registration java.sql.NClob -> org.hibernate.type.BasicTypeReference@7bde1f3a
[DEBUG] 2024-02-17 20:26:45.284 [main] BasicTypeRegistry - Adding type registration materialized_clob -> org.hibernate.type.BasicTypeReference@15923407
[DEBUG] 2024-02-17 20:26:45.284 [main] BasicTypeRegistry - Adding type registration materialized_clob_char_array -> org.hibernate.type.BasicTypeReference@67dba613
[DEBUG] 2024-02-17 20:26:45.284 [main] BasicTypeRegistry - Adding type registration materialized_clob_character_array -> org.hibernate.type.BasicTypeReference@57540fd0
[DEBUG] 2024-02-17 20:26:45.284 [main] BasicTypeRegistry - Adding type registration materialized_nclob -> org.hibernate.type.BasicTypeReference@5cf8edcf
[DEBUG] 2024-02-17 20:26:45.284 [main] BasicTypeRegistry - Adding type registration materialized_nclob_character_array -> org.hibernate.type.BasicTypeReference@58cec85b
[DEBUG] 2024-02-17 20:26:45.284 [main] BasicTypeRegistry - Adding type registration materialized_nclob_char_array -> org.hibernate.type.BasicTypeReference@629f066f
[DEBUG] 2024-02-17 20:26:45.284 [main] BasicTypeRegistry - Adding type registration Duration -> org.hibernate.type.BasicTypeReference@1542af63
[DEBUG] 2024-02-17 20:26:45.284 [main] BasicTypeRegistry - Adding type registration java.time.Duration -> org.hibernate.type.BasicTypeReference@1542af63
[DEBUG] 2024-02-17 20:26:45.284 [main] BasicTypeRegistry - Adding type registration LocalDateTime -> org.hibernate.type.BasicTypeReference@ecfbe91
[DEBUG] 2024-02-17 20:26:45.284 [main] BasicTypeRegistry - Adding type registration java.time.LocalDateTime -> org.hibernate.type.BasicTypeReference@ecfbe91
[DEBUG] 2024-02-17 20:26:45.284 [main] BasicTypeRegistry - Adding type registration LocalDate -> org.hibernate.type.BasicTypeReference@20ed3303
[DEBUG] 2024-02-17 20:26:45.284 [main] BasicTypeRegistry - Adding type registration java.time.LocalDate -> org.hibernate.type.BasicTypeReference@20ed3303
[DEBUG] 2024-02-17 20:26:45.284 [main] BasicTypeRegistry - Adding type registration LocalTime -> org.hibernate.type.BasicTypeReference@3adbe50f
[DEBUG] 2024-02-17 20:26:45.284 [main] BasicTypeRegistry - Adding type registration java.time.LocalTime -> org.hibernate.type.BasicTypeReference@3adbe50f
[DEBUG] 2024-02-17 20:26:45.284 [main] BasicTypeRegistry - Adding type registration OffsetDateTime -> org.hibernate.type.BasicTypeReference@3a627c80
[DEBUG] 2024-02-17 20:26:45.284 [main] BasicTypeRegistry - Adding type registration java.time.OffsetDateTime -> org.hibernate.type.BasicTypeReference@3a627c80
[DEBUG] 2024-02-17 20:26:45.284 [main] BasicTypeRegistry - Adding type registration OffsetDateTimeWithTimezone -> org.hibernate.type.BasicTypeReference@49aa766b
[DEBUG] 2024-02-17 20:26:45.284 [main] BasicTypeRegistry - Adding type registration OffsetDateTimeWithoutTimezone -> org.hibernate.type.BasicTypeReference@963176
[DEBUG] 2024-02-17 20:26:45.284 [main] BasicTypeRegistry - Adding type registration OffsetTime -> org.hibernate.type.BasicTypeReference@65004ff6
[DEBUG] 2024-02-17 20:26:45.285 [main] BasicTypeRegistry - Adding type registration java.time.OffsetTime -> org.hibernate.type.BasicTypeReference@65004ff6
[DEBUG] 2024-02-17 20:26:45.285 [main] BasicTypeRegistry - Adding type registration OffsetTimeUtc -> org.hibernate.type.BasicTypeReference@4cafa9aa
[DEBUG] 2024-02-17 20:26:45.285 [main] BasicTypeRegistry - Adding type registration OffsetTimeWithTimezone -> org.hibernate.type.BasicTypeReference@562c877a
[DEBUG] 2024-02-17 20:26:45.285 [main] BasicTypeRegistry - Adding type registration OffsetTimeWithoutTimezone -> org.hibernate.type.BasicTypeReference@67001148
[DEBUG] 2024-02-17 20:26:45.285 [main] BasicTypeRegistry - Adding type registration ZonedDateTime -> org.hibernate.type.BasicTypeReference@989da1
[DEBUG] 2024-02-17 20:26:45.285 [main] BasicTypeRegistry - Adding type registration java.time.ZonedDateTime -> org.hibernate.type.BasicTypeReference@989da1
[DEBUG] 2024-02-17 20:26:45.285 [main] BasicTypeRegistry - Adding type registration ZonedDateTimeWithTimezone -> org.hibernate.type.BasicTypeReference@31cb96e1
[DEBUG] 2024-02-17 20:26:45.285 [main] BasicTypeRegistry - Adding type registration ZonedDateTimeWithoutTimezone -> org.hibernate.type.BasicTypeReference@3eed0f5
[DEBUG] 2024-02-17 20:26:45.285 [main] BasicTypeRegistry - Adding type registration date -> org.hibernate.type.BasicTypeReference@64030b91
[DEBUG] 2024-02-17 20:26:45.285 [main] BasicTypeRegistry - Adding type registration java.sql.Date -> org.hibernate.type.BasicTypeReference@64030b91
[DEBUG] 2024-02-17 20:26:45.285 [main] BasicTypeRegistry - Adding type registration time -> org.hibernate.type.BasicTypeReference@2032e725
[DEBUG] 2024-02-17 20:26:45.285 [main] BasicTypeRegistry - Adding type registration java.sql.Time -> org.hibernate.type.BasicTypeReference@2032e725
[DEBUG] 2024-02-17 20:26:45.285 [main] BasicTypeRegistry - Adding type registration timestamp -> org.hibernate.type.BasicTypeReference@4d23015c
[DEBUG] 2024-02-17 20:26:45.285 [main] BasicTypeRegistry - Adding type registration java.sql.Timestamp -> org.hibernate.type.BasicTypeReference@4d23015c
[DEBUG] 2024-02-17 20:26:45.285 [main] BasicTypeRegistry - Adding type registration java.util.Date -> org.hibernate.type.BasicTypeReference@4d23015c
[DEBUG] 2024-02-17 20:26:45.285 [main] BasicTypeRegistry - Adding type registration calendar -> org.hibernate.type.BasicTypeReference@383f1975
[DEBUG] 2024-02-17 20:26:45.285 [main] BasicTypeRegistry - Adding type registration java.util.Calendar -> org.hibernate.type.BasicTypeReference@383f1975
[DEBUG] 2024-02-17 20:26:45.285 [main] BasicTypeRegistry - Adding type registration java.util.GregorianCalendar -> org.hibernate.type.BasicTypeReference@383f1975
[DEBUG] 2024-02-17 20:26:45.285 [main] BasicTypeRegistry - Adding type registration calendar_date -> org.hibernate.type.BasicTypeReference@441cc260
[DEBUG] 2024-02-17 20:26:45.285 [main] BasicTypeRegistry - Adding type registration calendar_time -> org.hibernate.type.BasicTypeReference@73a00e09
[DEBUG] 2024-02-17 20:26:45.285 [main] BasicTypeRegistry - Adding type registration instant -> org.hibernate.type.BasicTypeReference@26dcd8c0
[DEBUG] 2024-02-17 20:26:45.285 [main] BasicTypeRegistry - Adding type registration java.time.Instant -> org.hibernate.type.BasicTypeReference@26dcd8c0
[DEBUG] 2024-02-17 20:26:45.285 [main] BasicTypeRegistry - Adding type registration uuid -> org.hibernate.type.BasicTypeReference@66e889df
[DEBUG] 2024-02-17 20:26:45.285 [main] BasicTypeRegistry - Adding type registration java.util.UUID -> org.hibernate.type.BasicTypeReference@66e889df
[DEBUG] 2024-02-17 20:26:45.285 [main] BasicTypeRegistry - Adding type registration pg-uuid -> org.hibernate.type.BasicTypeReference@66e889df
[DEBUG] 2024-02-17 20:26:45.285 [main] BasicTypeRegistry - Adding type registration uuid-binary -> org.hibernate.type.BasicTypeReference@444548a0
[DEBUG] 2024-02-17 20:26:45.285 [main] BasicTypeRegistry - Adding type registration uuid-char -> org.hibernate.type.BasicTypeReference@3766c667
[DEBUG] 2024-02-17 20:26:45.285 [main] BasicTypeRegistry - Adding type registration class -> org.hibernate.type.BasicTypeReference@773c0293
[DEBUG] 2024-02-17 20:26:45.285 [main] BasicTypeRegistry - Adding type registration java.lang.Class -> org.hibernate.type.BasicTypeReference@773c0293
[DEBUG] 2024-02-17 20:26:45.285 [main] BasicTypeRegistry - Adding type registration currency -> org.hibernate.type.BasicTypeReference@55b8dbda
[DEBUG] 2024-02-17 20:26:45.285 [main] BasicTypeRegistry - Adding type registration Currency -> org.hibernate.type.BasicTypeReference@55b8dbda
[DEBUG] 2024-02-17 20:26:45.285 [main] BasicTypeRegistry - Adding type registration java.util.Currency -> org.hibernate.type.BasicTypeReference@55b8dbda
[DEBUG] 2024-02-17 20:26:45.285 [main] BasicTypeRegistry - Adding type registration locale -> org.hibernate.type.BasicTypeReference@3b569985
[DEBUG] 2024-02-17 20:26:45.285 [main] BasicTypeRegistry - Adding type registration java.util.Locale -> org.hibernate.type.BasicTypeReference@3b569985
[DEBUG] 2024-02-17 20:26:45.285 [main] BasicTypeRegistry - Adding type registration serializable -> org.hibernate.type.BasicTypeReference@3a022576
[DEBUG] 2024-02-17 20:26:45.285 [main] BasicTypeRegistry - Adding type registration java.io.Serializable -> org.hibernate.type.BasicTypeReference@3a022576
[DEBUG] 2024-02-17 20:26:45.285 [main] BasicTypeRegistry - Adding type registration timezone -> org.hibernate.type.BasicTypeReference@2dbd803f
[DEBUG] 2024-02-17 20:26:45.285 [main] BasicTypeRegistry - Adding type registration java.util.TimeZone -> org.hibernate.type.BasicTypeReference@2dbd803f
[DEBUG] 2024-02-17 20:26:45.285 [main] BasicTypeRegistry - Adding type registration ZoneOffset -> org.hibernate.type.BasicTypeReference@3e48e859
[DEBUG] 2024-02-17 20:26:45.285 [main] BasicTypeRegistry - Adding type registration java.time.ZoneOffset -> org.hibernate.type.BasicTypeReference@3e48e859
[DEBUG] 2024-02-17 20:26:45.285 [main] BasicTypeRegistry - Adding type registration url -> org.hibernate.type.BasicTypeReference@31ddd4a4
[DEBUG] 2024-02-17 20:26:45.285 [main] BasicTypeRegistry - Adding type registration java.net.URL -> org.hibernate.type.BasicTypeReference@31ddd4a4
[DEBUG] 2024-02-17 20:26:45.286 [main] BasicTypeRegistry - Adding type registration vector -> org.hibernate.type.BasicTypeReference@1a5f7e7c
[DEBUG] 2024-02-17 20:26:45.286 [main] BasicTypeRegistry - Adding type registration row_version -> org.hibernate.type.BasicTypeReference@5b22b970
[DEBUG] 2024-02-17 20:26:45.287 [main] BasicTypeRegistry - Adding type registration object -> org.hibernate.type.JavaObjectType@2c16fadb
[DEBUG] 2024-02-17 20:26:45.288 [main] BasicTypeRegistry - Adding type registration java.lang.Object -> org.hibernate.type.JavaObjectType@2c16fadb
[DEBUG] 2024-02-17 20:26:45.288 [main] BasicTypeRegistry - Adding type registration null -> org.hibernate.type.NullType@a64e035
[DEBUG] 2024-02-17 20:26:45.288 [main] BasicTypeRegistry - Adding type registration imm_date -> org.hibernate.type.BasicTypeReference@4d74c3ba
[DEBUG] 2024-02-17 20:26:45.288 [main] BasicTypeRegistry - Adding type registration imm_time -> org.hibernate.type.BasicTypeReference@41c204a0
[DEBUG] 2024-02-17 20:26:45.288 [main] BasicTypeRegistry - Adding type registration imm_timestamp -> org.hibernate.type.BasicTypeReference@64138b0c
[DEBUG] 2024-02-17 20:26:45.288 [main] BasicTypeRegistry - Adding type registration imm_calendar -> org.hibernate.type.BasicTypeReference@49dbaaf3
[DEBUG] 2024-02-17 20:26:45.288 [main] BasicTypeRegistry - Adding type registration imm_calendar_date -> org.hibernate.type.BasicTypeReference@22d9c961
[DEBUG] 2024-02-17 20:26:45.288 [main] BasicTypeRegistry - Adding type registration imm_calendar_time -> org.hibernate.type.BasicTypeReference@736f3e9e
[DEBUG] 2024-02-17 20:26:45.288 [main] BasicTypeRegistry - Adding type registration imm_binary -> org.hibernate.type.BasicTypeReference@bdc8014
[DEBUG] 2024-02-17 20:26:45.288 [main] BasicTypeRegistry - Adding type registration imm_serializable -> org.hibernate.type.BasicTypeReference@1f443fae
[INFO ] 2024-02-17 20:26:45.301 [main] c3p0 - HHH010002: C3P0 using driver: com.mysql.cj.jdbc.Driver at URL: jdbc:mysql://localhost:3306/npc_test
[INFO ] 2024-02-17 20:26:45.301 [main] c3p0 - HHH10001001: Connection properties: {password=****, user=student}
[INFO ] 2024-02-17 20:26:45.301 [main] c3p0 - HHH10001003: Autocommit mode: false
[INFO ] 2024-02-17 20:26:45.343 [main] c3p0 - HHH10001007: JDBC isolation level: <unknown>
[DEBUG] 2024-02-17 20:26:45.552 [main] JdbcEnvironmentInitiator - Database ->
       name : MySQL
    version : 8.1.0
      major : 8
      minor : 1
[DEBUG] 2024-02-17 20:26:45.552 [main] JdbcEnvironmentInitiator - Driver ->
       name : MySQL Connector/J
    version : mysql-connector-java-8.0.16 (Revision: 34cbc6bc61f72836e26327537a432d6db7c77de6)
      major : 8
      minor : 0
[DEBUG] 2024-02-17 20:26:45.553 [main] JdbcEnvironmentInitiator - JDBC version : 4.2
[DEBUG] 2024-02-17 20:26:45.583 [main] dialect - HHH035001: Using dialect: org.hibernate.dialect.MySQLDialect, version: 8.1
[DEBUG] 2024-02-17 20:26:45.586 [main] IdentifierHelperBuilder - JDBC driver metadata reported database stores quoted identifiers in more than one case
[DEBUG] 2024-02-17 20:26:45.586 [main] IdentifierHelperBuilder - IdentifierCaseStrategy for both quoted and unquoted identifiers was set to the same strategy [MIXED]; that will likely lead to problems in schema update and validation if using quoted identifiers
[DEBUG] 2024-02-17 20:26:45.592 [main] DdlTypeRegistry - addDescriptor(12, org.hibernate.type.descriptor.sql.internal.CapacityDependentDdlType@5633dafd) replaced previous registration(org.hibernate.type.descriptor.sql.internal.CapacityDependentDdlType@5d5160e6)
[DEBUG] 2024-02-17 20:26:45.593 [main] DdlTypeRegistry - addDescriptor(-9, org.hibernate.type.descriptor.sql.internal.CapacityDependentDdlType@2eadc9f6) replaced previous registration(org.hibernate.type.descriptor.sql.internal.CapacityDependentDdlType@2903c6ff)
[DEBUG] 2024-02-17 20:26:45.593 [main] DdlTypeRegistry - addDescriptor(-3, org.hibernate.type.descriptor.sql.internal.CapacityDependentDdlType@61af1510) replaced previous registration(org.hibernate.type.descriptor.sql.internal.CapacityDependentDdlType@37af1f93)
[DEBUG] 2024-02-17 20:26:45.593 [main] DdlTypeRegistry - addDescriptor(4003, org.hibernate.type.descriptor.sql.internal.DdlTypeImpl@778d82e9) replaced previous registration(org.hibernate.type.descriptor.sql.internal.DdlTypeImpl@408e96d9)
[DEBUG] 2024-02-17 20:26:45.593 [main] DdlTypeRegistry - addDescriptor(4001, org.hibernate.type.descriptor.sql.internal.DdlTypeImpl@59901c4d) replaced previous registration(org.hibernate.type.descriptor.sql.internal.DdlTypeImpl@168cd36b)
[DEBUG] 2024-02-17 20:26:45.593 [main] DdlTypeRegistry - addDescriptor(4002, org.hibernate.type.descriptor.sql.internal.DdlTypeImpl@d8d9199) replaced previous registration(org.hibernate.type.descriptor.sql.internal.DdlTypeImpl@3901f6af)
[DEBUG] 2024-02-17 20:26:45.593 [main] DdlTypeRegistry - addDescriptor(2004, org.hibernate.type.descriptor.sql.internal.CapacityDependentDdlType@602ae7b6) replaced previous registration(org.hibernate.type.descriptor.sql.internal.DdlTypeImpl@10cd6753)
[DEBUG] 2024-02-17 20:26:45.593 [main] DdlTypeRegistry - addDescriptor(2005, org.hibernate.type.descriptor.sql.internal.CapacityDependentDdlType@71ad3d8a) replaced previous registration(org.hibernate.type.descriptor.sql.internal.DdlTypeImpl@47af099e)
[DEBUG] 2024-02-17 20:26:45.593 [main] DdlTypeRegistry - addDescriptor(2011, org.hibernate.type.descriptor.sql.internal.CapacityDependentDdlType@700f518a) replaced previous registration(org.hibernate.type.descriptor.sql.internal.DdlTypeImpl@b835727)
[DEBUG] 2024-02-17 20:26:45.593 [main] JdbcTypeRegistry - addDescriptor(NCharTypeDescriptor) replaced previous registration(CharTypeDescriptor)
[DEBUG] 2024-02-17 20:26:45.594 [main] JdbcTypeRegistry - addDescriptor(NVarcharTypeDescriptor) replaced previous registration(VarcharTypeDescriptor)
[DEBUG] 2024-02-17 20:26:45.594 [main] JdbcTypeRegistry - addDescriptor(LongNVarcharTypeDescriptor) replaced previous registration(LongVarcharTypeDescriptor)
[DEBUG] 2024-02-17 20:26:45.594 [main] JdbcTypeRegistry - addDescriptor(NClobTypeDescriptor(DEFAULT)) replaced previous registration(ClobTypeDescriptor(DEFAULT))
[DEBUG] 2024-02-17 20:26:45.594 [main] JdbcTypeRegistry - addDescriptor(2005, ClobTypeDescriptor(STREAM_BINDING)) replaced previous registration(ClobTypeDescriptor(DEFAULT))
[DEBUG] 2024-02-17 20:26:45.596 [main] BasicTypeRegistry - Adding type registration null -> org.hibernate.type.NullType@2b22a1cc
[DEBUG] 2024-02-17 20:26:45.596 [main] BasicTypeRegistry - Type registration key [null] overrode previous entry : `org.hibernate.type.NullType@a64e035`
[DEBUG] 2024-02-17 20:26:45.598 [main] BasicTypeRegistry - Adding type registration org.hibernate.type.DurationType -> basicType@1(java.time.Duration,2)
[DEBUG] 2024-02-17 20:26:45.599 [main] BasicTypeRegistry - Adding type registration Duration -> basicType@1(java.time.Duration,2)
[DEBUG] 2024-02-17 20:26:45.599 [main] BasicTypeRegistry - Adding type registration java.time.Duration -> basicType@1(java.time.Duration,2)
[DEBUG] 2024-02-17 20:26:45.600 [main] BasicTypeRegistry - Adding type registration org.hibernate.type.OffsetDateTimeType -> basicType@2(java.time.OffsetDateTime,3003)
[DEBUG] 2024-02-17 20:26:45.600 [main] BasicTypeRegistry - Adding type registration OffsetDateTime -> basicType@2(java.time.OffsetDateTime,3003)
[DEBUG] 2024-02-17 20:26:45.600 [main] BasicTypeRegistry - Adding type registration java.time.OffsetDateTime -> basicType@2(java.time.OffsetDateTime,3003)
[DEBUG] 2024-02-17 20:26:45.600 [main] BasicTypeRegistry - Adding type registration org.hibernate.type.ZonedDateTimeType -> basicType@3(java.time.ZonedDateTime,3003)
[DEBUG] 2024-02-17 20:26:45.600 [main] BasicTypeRegistry - Adding type registration ZonedDateTime -> basicType@3(java.time.ZonedDateTime,3003)
[DEBUG] 2024-02-17 20:26:45.600 [main] BasicTypeRegistry - Adding type registration java.time.ZonedDateTime -> basicType@3(java.time.ZonedDateTime,3003)
[DEBUG] 2024-02-17 20:26:45.600 [main] BasicTypeRegistry - Adding type registration org.hibernate.type.OffsetTimeType -> basicType@4(java.time.OffsetTime,3007)
[DEBUG] 2024-02-17 20:26:45.600 [main] BasicTypeRegistry - Adding type registration OffsetTime -> basicType@4(java.time.OffsetTime,3007)
[DEBUG] 2024-02-17 20:26:45.600 [main] BasicTypeRegistry - Adding type registration java.time.OffsetTime -> basicType@4(java.time.OffsetTime,3007)
[DEBUG] 2024-02-17 20:26:45.601 [main] TypeConfiguration$Scope - Scoping TypeConfiguration [org.hibernate.type.spi.TypeConfiguration@1835d3ed] to MetadataBuildingContext [org.hibernate.boot.internal.MetadataBuildingContextRootImpl@474c9131]
[DEBUG] 2024-02-17 20:26:45.620 [main] Namespace - Created database namespace [logicalName=Name{catalog=null, schema=null}, physicalName=Name{catalog=null, schema=null}]
[DEBUG] 2024-02-17 20:26:45.632 [main] EntityBinder - Binding entity from annotated class: com.mnuenninghoff.entity.InteractionTraits
[DEBUG] 2024-02-17 20:26:45.635 [main] EntityBinder - Import with entity name InteractionTraits
[DEBUG] 2024-02-17 20:26:45.638 [main] EntityBinder - Bind entity com.mnuenninghoff.entity.InteractionTraits on table Interaction_Traits
[DEBUG] 2024-02-17 20:26:45.642 [main] AnnotatedColumn - Binding column: AnnotatedDiscriminatorColumn(column='DTYPE')
[DEBUG] 2024-02-17 20:26:45.648 [main] AnnotatedColumn - Binding column: AnnotatedColumn()
[DEBUG] 2024-02-17 20:26:45.649 [main] ClassLoaderAccessImpl - Not known whether passed class name [com.mnuenninghoff.entity.InteractionTraits] is safe
[DEBUG] 2024-02-17 20:26:45.649 [main] ClassLoaderAccessImpl - No temp ClassLoader provided; using live ClassLoader for loading potentially unsafe class : com.mnuenninghoff.entity.InteractionTraits
[DEBUG] 2024-02-17 20:26:45.650 [main] PropertyBinder - MetadataSourceProcessor property id with lazy=false
[DEBUG] 2024-02-17 20:26:45.651 [main] AbstractPropertyHolder - Attempting to locate auto-apply AttributeConverter for property [com.mnuenninghoff.entity.InteractionTraits:id]
[DEBUG] 2024-02-17 20:26:45.653 [main] BasicValueBinder - building BasicValue for id
[DEBUG] 2024-02-17 20:26:45.655 [main] BasicValue - Skipping column re-registration: Interaction_Traits.id
[DEBUG] 2024-02-17 20:26:45.655 [main] PropertyBinder - Building property id
[DEBUG] 2024-02-17 20:26:45.657 [main] BinderHelper - #makeIdGenerator(BasicValue([Column(id)]), id, org.hibernate.id.enhanced.SequenceStyleGenerator, native, ...)
[DEBUG] 2024-02-17 20:26:45.659 [main] AnnotatedColumn - Binding column: AnnotatedColumn(column='trait')
[DEBUG] 2024-02-17 20:26:45.659 [main] PropertyBinder - MetadataSourceProcessor property interactionTraits with lazy=false
[DEBUG] 2024-02-17 20:26:45.659 [main] AbstractPropertyHolder - Attempting to locate auto-apply AttributeConverter for property [com.mnuenninghoff.entity.InteractionTraits:interactionTraits]
[DEBUG] 2024-02-17 20:26:45.659 [main] BasicValueBinder - building BasicValue for interactionTraits
[DEBUG] 2024-02-17 20:26:45.659 [main] BasicValue - Skipping column re-registration: Interaction_Traits.trait
[DEBUG] 2024-02-17 20:26:45.659 [main] PropertyBinder - Building property interactionTraits
[DEBUG] 2024-02-17 20:26:45.660 [main] ClassLoaderServiceImpl - HHH000194: Package not found or wo package-info.java: com.mnuenninghoff.entity
[DEBUG] 2024-02-17 20:26:45.662 [main] BasicValueBinder - Starting `BasicValueBinder#fillSimpleValue` for id
[DEBUG] 2024-02-17 20:26:45.662 [main] BasicValueBinder - Starting `BasicValueBinder#fillSimpleValue` for interactionTraits
[DEBUG] 2024-02-17 20:26:45.663 [main] PrimaryKey - Forcing column [id] to be non-null as it is part of the primary key for table [interaction_traits]
[DEBUG] 2024-02-17 20:26:45.754 [main] SessionFactoryImpl - Building session factory
[DEBUG] 2024-02-17 20:26:45.770 [main] SessionFactoryServiceRegistryImpl - EventListenerRegistry access via ServiceRegistry is deprecated.  Use `sessionFactory.getEventEngine().getListenerRegistry()` instead
[DEBUG] 2024-02-17 20:26:45.770 [main] SessionFactoryImpl - Instantiating SessionFactory with settings: {gopherProxySet=false, awt.toolkit=sun.lwawt.macosx.LWCToolkit, java.specification.version=11, sun.cpu.isalist=, hibernate.c3p0.idle_test_period=3000, sun.jnu.encoding=UTF-8, hibernate.c3p0.min_size=5, java.class.path=/Applications/IntelliJ IDEA.app/Contents/lib/idea_rt.jar:/Applications/IntelliJ IDEA.app/Contents/plugins/junit/lib/junit5-rt.jar:/Applications/IntelliJ IDEA.app/Contents/plugins/junit/lib/junit-rt.jar:/Users/mnuenninghoff/IdeaProjects/npccreator/target/test-classes:/Users/mnuenninghoff/IdeaProjects/npccreator/target/classes:/Users/mnuenninghoff/.m2/repository/org/junit/platform/junit-platform-runner/1.0.0/junit-platform-runner-1.0.0.jar:/Users/mnuenninghoff/.m2/repository/org/apiguardian/apiguardian-api/1.0.0/apiguardian-api-1.0.0.jar:/Users/mnuenninghoff/.m2/repository/org/junit/platform/junit-platform-launcher/1.0.0/junit-platform-launcher-1.0.0.jar:/Users/mnuenninghoff/.m2/repository/org/junit/platform/junit-platform-suite-api/1.0.0/junit-platform-suite-api-1.0.0.jar:/Users/mnuenninghoff/.m2/repository/org/junit/platform/junit-platform-commons/1.0.0/junit-platform-commons-1.0.0.jar:/Users/mnuenninghoff/.m2/repository/org/junit/vintage/junit-vintage-engine/4.12.0/junit-vintage-engine-4.12.0.jar:/Users/mnuenninghoff/.m2/repository/org/junit/platform/junit-platform-engine/1.0.0/junit-platform-engine-1.0.0.jar:/Users/mnuenninghoff/.m2/repository/org/opentest4j/opentest4j/1.0.0/opentest4j-1.0.0.jar:/Users/mnuenninghoff/.m2/repository/org/junit/jupiter/junit-jupiter-engine/5.0.0/junit-jupiter-engine-5.0.0.jar:/Users/mnuenninghoff/.m2/repository/org/junit/jupiter/junit-jupiter-api/5.0.0/junit-jupiter-api-5.0.0.jar:/Users/mnuenninghoff/.m2/repository/junit/junit/4.12/junit-4.12.jar:/Users/mnuenninghoff/.m2/repository/org/hamcrest/hamcrest-core/1.3/hamcrest-core-1.3.jar:/Users/mnuenninghoff/.m2/repository/javax/javaee-web-api/7.0/javaee-web-api-7.0.jar:/Users/mnuenninghoff/.m2/repository/mysql/mysql-connector-java/8.0.16/mysql-connector-java-8.0.16.jar:/Users/mnuenninghoff/.m2/repository/com/google/protobuf/protobuf-java/3.6.1/protobuf-java-3.6.1.jar:/Users/mnuenninghoff/.m2/repository/jstl/jstl/1.2/jstl-1.2.jar:/Users/mnuenninghoff/.m2/repository/org/apache/logging/log4j/log4j-api/2.10.0/log4j-api-2.10.0.jar:/Users/mnuenninghoff/.m2/repository/org/apache/logging/log4j/log4j-core/2.10.0/log4j-core-2.10.0.jar:/Users/mnuenninghoff/.m2/repository/org/hibernate/orm/hibernate-core/6.4.3.Final/hibernate-core-6.4.3.Final.jar:/Users/mnuenninghoff/.m2/repository/jakarta/persistence/jakarta.persistence-api/3.1.0/jakarta.persistence-api-3.1.0.jar:/Users/mnuenninghoff/.m2/repository/jakarta/transaction/jakarta.transaction-api/2.0.1/jakarta.transaction-api-2.0.1.jar:/Users/mnuenninghoff/.m2/repository/org/jboss/logging/jboss-logging/3.5.0.Final/jboss-logging-3.5.0.Final.jar:/Users/mnuenninghoff/.m2/repository/org/hibernate/common/hibernate-commons-annotations/6.0.6.Final/hibernate-commons-annotations-6.0.6.Final.jar:/Users/mnuenninghoff/.m2/repository/io/smallrye/jandex/3.1.2/jandex-3.1.2.jar:/Users/mnuenninghoff/.m2/repository/com/fasterxml/classmate/1.5.1/classmate-1.5.1.jar:/Users/mnuenninghoff/.m2/repository/net/bytebuddy/byte-buddy/1.14.7/byte-buddy-1.14.7.jar:/Users/mnuenninghoff/.m2/repository/jakarta/xml/bind/jakarta.xml.bind-api/4.0.0/jakarta.xml.bind-api-4.0.0.jar:/Users/mnuenninghoff/.m2/repository/jakarta/activation/jakarta.activation-api/2.1.0/jakarta.activation-api-2.1.0.jar:/Users/mnuenninghoff/.m2/repository/org/glassfish/jaxb/jaxb-runtime/4.0.2/jaxb-runtime-4.0.2.jar:/Users/mnuenninghoff/.m2/repository/org/glassfish/jaxb/jaxb-core/4.0.2/jaxb-core-4.0.2.jar:/Users/mnuenninghoff/.m2/repository/org/eclipse/angus/angus-activation/2.0.0/angus-activation-2.0.0.jar:/Users/mnuenninghoff/.m2/repository/org/glassfish/jaxb/txw2/4.0.2/txw2-4.0.2.jar:/Users/mnuenninghoff/.m2/repository/com/sun/istack/istack-commons-runtime/4.1.1/istack-commons-runtime-4.1.1.jar:/Users/mnuenninghoff/.m2/repository/jakarta/inject/jakarta.inject-api/2.0.1/jakarta.inject-api-2.0.1.jar:/Users/mnuenninghoff/.m2/repository/org/antlr/antlr4-runtime/4.13.0/antlr4-runtime-4.13.0.jar:/Users/mnuenninghoff/.m2/repository/org/hibernate/orm/hibernate-c3p0/6.4.3.Final/hibernate-c3p0-6.4.3.Final.jar:/Users/mnuenninghoff/.m2/repository/com/mchange/c3p0/0.9.5.5/c3p0-0.9.5.5.jar:/Users/mnuenninghoff/.m2/repository/com/mchange/mchange-commons-java/0.2.19/mchange-commons-java-0.2.19.jar, java.vm.vendor=Eclipse Adoptium, sun.arch.data.model=64, idea.test.cyclic.buffer.size=1048576, java.vendor.url=https://adoptium.net/, user.timezone=America/Chicago, os.name=Mac OS X, java.vm.specification.version=11, sun.java.launcher=SUN_STANDARD, user.country=US, sun.boot.library.path=/Library/Java/JavaVirtualMachines/temurin-11.jdk/Contents/Home/lib, sun.java.command=com.intellij.rt.junit.JUnitStarter -ideVersion5 -junit5 com.mnuenninghoff.persistence.InteractionTraitsDaoTest, http.nonProxyHosts=local|*.local|169.254/16|*.169.254/16, jdk.debug=release, sun.cpu.endian=little, user.home=/Users/mnuenninghoff, hibernate.c3p0.max_statements=50, user.language=en, java.specification.vendor=Oracle Corporation, java.version.date=2023-10-17, java.home=/Library/Java/JavaVirtualMachines/temurin-11.jdk/Contents/Home, file.separator=/, java.vm.compressedOopsMode=Zero based, line.separator=
, hibernate.c3p0.timeout=300, java.specification.name=Java Platform API Specification, java.vm.specification.vendor=Oracle Corporation, java.awt.graphicsenv=sun.awt.CGraphicsEnvironment, connection.password=student, sun.management.compiler=HotSpot 64-Bit Tiered Compilers, ftp.nonProxyHosts=local|*.local|169.254/16|*.169.254/16, hibernate.c3p0.max_size=20, java.runtime.version=11.0.21+9, user.name=mnuenninghoff, path.separator=:, hibernate.connection.username=****, os.version=14.0, java.runtime.name=OpenJDK Runtime Environment, hibernate.connection.url=jdbc:mysql://localhost:3306/npc_test, file.encoding=UTF-8, java.vm.name=OpenJDK 64-Bit Server VM, java.vendor.version=Temurin-11.0.21+9, hibernate.connection.driver_class=com.mysql.cj.jdbc.Driver, java.vendor.url.bug=https://github.com/adoptium/adoptium-support/issues, java.io.tmpdir=/var/folders/42/6zrp3tcd7_b2d0mh4s_9014c0000gn/T/, java.version=11.0.21, user.dir=/Users/mnuenninghoff/IdeaProjects/npccreator, os.arch=aarch64, connection.username=student, java.vm.specification.name=Java Virtual Machine Specification, java.awt.printerjob=sun.lwawt.macosx.CPrinterJob, hibernate.connection.password=****, sun.os.patch.level=unknown, connection.driver_class=com.mysql.cj.jdbc.Driver, hibernate.boot.CfgXmlAccessService.key=org.hibernate.boot.cfgxml.spi.LoadedConfig@1290ed28, java.library.path=/Users/mnuenninghoff/Library/Java/Extensions:/Library/Java/Extensions:/Network/Library/Java/Extensions:/System/Library/Java/Extensions:/usr/lib/java:., java.vendor=Eclipse Adoptium, java.vm.info=mixed mode, java.vm.version=11.0.21+9, java.specification.maintenance.version=2, sun.io.unicode.encoding=UnicodeBig, connection.url=jdbc:mysql://localhost:3306/npc_test, socksNonProxyHosts=local|*.local|169.254/16|*.169.254/16, java.class.version=55.0}
[DEBUG] 2024-02-17 20:26:45.772 [main] SessionFactoryImpl - Session factory constructed with filter configurations : {}
[DEBUG] 2024-02-17 20:26:45.775 [main] SchemaManagementToolCoordinator - No schema actions specified for contributor `orm`; doing nothing
[DEBUG] 2024-02-17 20:26:45.793 [main] SqmFunctionRegistry - Registered SqmFunctionTemplate [NamedSqmFunctionTemplate(max)] under max; prior registration was null
[DEBUG] 2024-02-17 20:26:45.793 [main] SqmFunctionRegistry - Registered SqmFunctionTemplate [NamedSqmFunctionTemplate(min)] under min; prior registration was null
[DEBUG] 2024-02-17 20:26:45.794 [main] SqmFunctionRegistry - Registered SqmFunctionTemplate [NamedSqmFunctionTemplate(sum)] under sum; prior registration was null
[DEBUG] 2024-02-17 20:26:45.794 [main] SqmFunctionRegistry - Registered SqmFunctionTemplate [NamedSqmFunctionTemplate(avg)] under avg; prior registration was null
[DEBUG] 2024-02-17 20:26:45.794 [main] SqmFunctionRegistry - Registered SqmFunctionTemplate [org.hibernate.dialect.function.CountFunction@461c3709] under count; prior registration was null
[DEBUG] 2024-02-17 20:26:45.795 [main] SqmFunctionRegistry - Registered SqmFunctionTemplate [org.hibernate.dialect.function.EveryAnyEmulation@6435fa1c] under every; prior registration was null
[DEBUG] 2024-02-17 20:26:45.795 [main] SqmFunctionRegistry - Registered SqmFunctionTemplate [org.hibernate.dialect.function.EveryAnyEmulation@7944b8b4] under any; prior registration was null
[DEBUG] 2024-02-17 20:26:45.795 [main] SqmFunctionRegistry - Registered SqmFunctionTemplate [NamedSqmFunctionTemplate(floor)] under floor; prior registration was null
[DEBUG] 2024-02-17 20:26:45.795 [main] SqmFunctionRegistry - Registered SqmFunctionTemplate [NamedSqmFunctionTemplate(ceiling)] under ceiling; prior registration was null
[DEBUG] 2024-02-17 20:26:45.795 [main] SqmFunctionRegistry - Registered SqmFunctionTemplate [NamedSqmFunctionTemplate(mod)] under mod; prior registration was null
[DEBUG] 2024-02-17 20:26:45.795 [main] SqmFunctionRegistry - Registered SqmFunctionTemplate [NamedSqmFunctionTemplate(abs)] under abs; prior registration was null
[DEBUG] 2024-02-17 20:26:45.795 [main] SqmFunctionRegistry - Registered SqmFunctionTemplate [NamedSqmFunctionTemplate(sign)] under sign; prior registration was null
[DEBUG] 2024-02-17 20:26:45.795 [main] SqmFunctionRegistry - Registered SqmFunctionTemplate [NamedSqmFunctionTemplate(sqrt)] under sqrt; prior registration was null
[DEBUG] 2024-02-17 20:26:45.795 [main] SqmFunctionRegistry - Registered SqmFunctionTemplate [NamedSqmFunctionTemplate(ln)] under ln; prior registration was null
[DEBUG] 2024-02-17 20:26:45.795 [main] SqmFunctionRegistry - Registered SqmFunctionTemplate [NamedSqmFunctionTemplate(exp)] under exp; prior registration was null
[DEBUG] 2024-02-17 20:26:45.795 [main] SqmFunctionRegistry - Registered SqmFunctionTemplate [NamedSqmFunctionTemplate(power)] under power; prior registration was null
[DEBUG] 2024-02-17 20:26:45.795 [main] SqmFunctionRegistry - Registered SqmFunctionTemplate [NamedSqmFunctionTemplate(round)] under round; prior registration was null
[DEBUG] 2024-02-17 20:26:45.795 [main] SqmFunctionRegistry - Registered SqmFunctionTemplate [NamedSqmFunctionTemplate(sin)] under sin; prior registration was null
[DEBUG] 2024-02-17 20:26:45.795 [main] SqmFunctionRegistry - Registered SqmFunctionTemplate [NamedSqmFunctionTemplate(cos)] under cos; prior registration was null
[DEBUG] 2024-02-17 20:26:45.795 [main] SqmFunctionRegistry - Registered SqmFunctionTemplate [NamedSqmFunctionTemplate(tan)] under tan; prior registration was null
[DEBUG] 2024-02-17 20:26:45.795 [main] SqmFunctionRegistry - Registered SqmFunctionTemplate [NamedSqmFunctionTemplate(asin)] under asin; prior registration was null
[DEBUG] 2024-02-17 20:26:45.795 [main] SqmFunctionRegistry - Registered SqmFunctionTemplate [NamedSqmFunctionTemplate(acos)] under acos; prior registration was null
[DEBUG] 2024-02-17 20:26:45.795 [main] SqmFunctionRegistry - Registered SqmFunctionTemplate [NamedSqmFunctionTemplate(atan)] under atan; prior registration was null
[DEBUG] 2024-02-17 20:26:45.795 [main] SqmFunctionRegistry - Registered SqmFunctionTemplate [NamedSqmFunctionTemplate(atan2)] under atan2; prior registration was null
[DEBUG] 2024-02-17 20:26:45.796 [main] SqmFunctionRegistry - Registered SqmFunctionTemplate [org.hibernate.query.sqm.function.PatternBasedSqmFunctionDescriptor@236eccd1] under sinh; prior registration was null
[DEBUG] 2024-02-17 20:26:45.796 [main] SqmFunctionRegistry - Registered SqmFunctionTemplate [org.hibernate.query.sqm.function.PatternBasedSqmFunctionDescriptor@5d512ddb] under cosh; prior registration was null
[DEBUG] 2024-02-17 20:26:45.796 [main] SqmFunctionRegistry - Registered SqmFunctionTemplate [org.hibernate.query.sqm.function.PatternBasedSqmFunctionDescriptor@707ca986] under tanh; prior registration was null
[DEBUG] 2024-02-17 20:26:45.796 [main] SqmFunctionRegistry - Registered SqmFunctionTemplate [org.hibernate.query.sqm.function.PatternBasedSqmFunctionDescriptor@4de79b7d] under pi; prior registration was null
[DEBUG] 2024-02-17 20:26:45.796 [main] SqmFunctionRegistry - Registered SqmFunctionTemplate [org.hibernate.query.sqm.function.PatternBasedSqmFunctionDescriptor@183ade54] under log; prior registration was null
[DEBUG] 2024-02-17 20:26:45.796 [main] SqmFunctionRegistry - Registered SqmFunctionTemplate [NamedSqmFunctionTemplate(coalesce)] under coalesce; prior registration was null
[DEBUG] 2024-02-17 20:26:45.796 [main] SqmFunctionRegistry - Registered SqmFunctionTemplate [NamedSqmFunctionTemplate(nullif)] under nullif; prior registration was null
[DEBUG] 2024-02-17 20:26:45.796 [main] SqmFunctionRegistry - Registered SqmFunctionTemplate [NamedSqmFunctionTemplate(left)] under left; prior registration was null
[DEBUG] 2024-02-17 20:26:45.796 [main] SqmFunctionRegistry - Registered SqmFunctionTemplate [NamedSqmFunctionTemplate(right)] under right; prior registration was null
[DEBUG] 2024-02-17 20:26:45.796 [main] SqmFunctionRegistry - Registered SqmFunctionTemplate [NamedSqmFunctionTemplate(replace)] under replace; prior registration was null
[DEBUG] 2024-02-17 20:26:45.797 [main] SqmFunctionRegistry - Registered SqmFunctionTemplate [NamedSqmFunctionTemplate(concat)] under concat; prior registration was null
[DEBUG] 2024-02-17 20:26:45.797 [main] SqmFunctionRegistry - Registered SqmFunctionTemplate [NamedSqmFunctionTemplate(lower)] under lower; prior registration was null
[DEBUG] 2024-02-17 20:26:45.797 [main] SqmFunctionRegistry - Registered SqmFunctionTemplate [NamedSqmFunctionTemplate(upper)] under upper; prior registration was null
[DEBUG] 2024-02-17 20:26:45.797 [main] SqmFunctionRegistry - Registered SqmFunctionTemplate [NamedSqmFunctionTemplate(substring)] under substring; prior registration was null
[DEBUG] 2024-02-17 20:26:45.797 [main] SqmFunctionRegistry - Registered SqmFunctionTemplate [NamedSqmFunctionTemplate(locate)] under locate; prior registration was null
[DEBUG] 2024-02-17 20:26:45.797 [main] SqmFunctionRegistry - Registered SqmFunctionTemplate [NamedSqmFunctionTemplate(character_length)] under character_length; prior registration was null
[DEBUG] 2024-02-17 20:26:45.797 [main] SqmFunctionRegistry - Registering alternate key : length -> character_length
[DEBUG] 2024-02-17 20:26:45.797 [main] SqmFunctionRegistry - Registered SqmFunctionTemplate [org.hibernate.dialect.function.LocatePositionEmulation@60f21960] under position; prior registration was null
[DEBUG] 2024-02-17 20:26:45.798 [main] SqmFunctionRegistry - Registered SqmFunctionTemplate [org.hibernate.dialect.function.InsertSubstringOverlayEmulation@1a01d7f0] under overlay; prior registration was null
[DEBUG] 2024-02-17 20:26:45.798 [main] SqmFunctionRegistry - Registered SqmFunctionTemplate [org.hibernate.dialect.function.TrimFunction@4eaf7902] under trim; prior registration was null
[DEBUG] 2024-02-17 20:26:45.798 [main] SqmFunctionRegistry - Registered SqmFunctionTemplate [org.hibernate.dialect.function.CastFunction@43ecfeb5] under cast; prior registration was null
[DEBUG] 2024-02-17 20:26:45.798 [main] SqmFunctionRegistry - Registered SqmFunctionTemplate [org.hibernate.query.sqm.function.PatternBasedSqmFunctionDescriptor@51efb731] under collate; prior registration was null
[DEBUG] 2024-02-17 20:26:45.799 [main] SqmFunctionRegistry - Registered SqmFunctionTemplate [org.hibernate.dialect.function.ExtractFunction@4da1f38a] under extract; prior registration was null
[DEBUG] 2024-02-17 20:26:45.799 [main] SqmFunctionRegistry - Registered SqmFunctionTemplate [NamedSqmFunctionTemplate(least)] under least; prior registration was null
[DEBUG] 2024-02-17 20:26:45.799 [main] SqmFunctionRegistry - Registered SqmFunctionTemplate [NamedSqmFunctionTemplate(greatest)] under greatest; prior registration was null
[DEBUG] 2024-02-17 20:26:45.799 [main] SqmFunctionRegistry - Registered SqmFunctionTemplate [org.hibernate.dialect.function.CoalesceIfnullEmulation@3281dfc2] under ifnull; prior registration was null
[DEBUG] 2024-02-17 20:26:45.799 [main] SqmFunctionRegistry - Registered SqmFunctionTemplate [NamedSqmFunctionTemplate(lpad)] under lpad; prior registration was null
[DEBUG] 2024-02-17 20:26:45.799 [main] SqmFunctionRegistry - Registered SqmFunctionTemplate [NamedSqmFunctionTemplate(rpad)] under rpad; prior registration was null
[DEBUG] 2024-02-17 20:26:45.799 [main] SqmFunctionRegistry - Registered SqmFunctionTemplate [org.hibernate.dialect.function.LpadRpadPadEmulation@2a02e34b] under pad; prior registration was null
[DEBUG] 2024-02-17 20:26:45.799 [main] SqmFunctionRegistry - Registered SqmFunctionTemplate [org.hibernate.dialect.function.CastStrEmulation@7af443a3] under str; prior registration was null
[DEBUG] 2024-02-17 20:26:45.800 [main] SqmFunctionRegistry - Registered SqmFunctionTemplate [org.hibernate.dialect.function.FormatFunction@494c8f29] under format; prior registration was null
[DEBUG] 2024-02-17 20:26:45.800 [main] SqmFunctionRegistry - Registered SqmFunctionTemplate [org.hibernate.dialect.function.TimestampaddFunction@66c9b52f] under timestampadd; prior registration was null
[DEBUG] 2024-02-17 20:26:45.801 [main] SqmFunctionRegistry - Registered SqmFunctionTemplate [org.hibernate.dialect.function.TimestampdiffFunction@1235151c] under timestampdiff; prior registration was null
[DEBUG] 2024-02-17 20:26:45.801 [main] SqmFunctionRegistry - Registering alternate key : dateadd -> timestampadd
[DEBUG] 2024-02-17 20:26:45.801 [main] SqmFunctionRegistry - Registering alternate key : datediff -> timestampdiff
[DEBUG] 2024-02-17 20:26:45.801 [main] SqmFunctionRegistry - Registered SqmFunctionTemplate [org.hibernate.dialect.function.CurrentFunction@6d672bd4] under current_date; prior registration was null
[DEBUG] 2024-02-17 20:26:45.801 [main] SqmFunctionRegistry - Registered SqmFunctionTemplate [org.hibernate.dialect.function.CurrentFunction@67770b37] under current_time; prior registration was null
[DEBUG] 2024-02-17 20:26:45.801 [main] SqmFunctionRegistry - Registered SqmFunctionTemplate [org.hibernate.dialect.function.CurrentFunction@72906e] under current_timestamp; prior registration was null
[DEBUG] 2024-02-17 20:26:45.801 [main] SqmFunctionRegistry - Registering alternate key : current date -> current_date
[DEBUG] 2024-02-17 20:26:45.801 [main] SqmFunctionRegistry - Registering alternate key : current time -> current_time
[DEBUG] 2024-02-17 20:26:45.801 [main] SqmFunctionRegistry - Registering alternate key : current timestamp -> current_timestamp
[DEBUG] 2024-02-17 20:26:45.801 [main] SqmFunctionRegistry - Registered SqmFunctionTemplate [org.hibernate.dialect.function.CurrentFunction@5529ff44] under local_date; prior registration was null
[DEBUG] 2024-02-17 20:26:45.801 [main] SqmFunctionRegistry - Registered SqmFunctionTemplate [org.hibernate.dialect.function.CurrentFunction@14447be] under local_time; prior registration was null
[DEBUG] 2024-02-17 20:26:45.801 [main] SqmFunctionRegistry - Registered SqmFunctionTemplate [org.hibernate.dialect.function.CurrentFunction@5eb5da12] under local_datetime; prior registration was null
[DEBUG] 2024-02-17 20:26:45.801 [main] SqmFunctionRegistry - Registered SqmFunctionTemplate [org.hibernate.dialect.function.CurrentFunction@4a50d04a] under offset_datetime; prior registration was null
[DEBUG] 2024-02-17 20:26:45.801 [main] SqmFunctionRegistry - Registering alternate key : local date -> local_date
[DEBUG] 2024-02-17 20:26:45.801 [main] SqmFunctionRegistry - Registering alternate key : local time -> local_time
[DEBUG] 2024-02-17 20:26:45.801 [main] SqmFunctionRegistry - Registering alternate key : local datetime -> local_datetime
[DEBUG] 2024-02-17 20:26:45.801 [main] SqmFunctionRegistry - Registering alternate key : offset datetime -> offset_datetime
[DEBUG] 2024-02-17 20:26:45.801 [main] SqmFunctionRegistry - Registered SqmFunctionTemplate [org.hibernate.dialect.function.CurrentFunction@5099c59b] under instant; prior registration was null
[DEBUG] 2024-02-17 20:26:45.801 [main] SqmFunctionRegistry - Registering alternate key : current_instant -> instant
[DEBUG] 2024-02-17 20:26:45.801 [main] SqmFunctionRegistry - Registered SqmFunctionTemplate [org.hibernate.dialect.function.SqlFunction@51e3d37e] under sql; prior registration was null
[DEBUG] 2024-02-17 20:26:45.801 [main] SqmFunctionRegistry - Registered SqmFunctionTemplate [NamedSqmFunctionTemplate(soundex)] under soundex; prior registration was null
[DEBUG] 2024-02-17 20:26:45.801 [main] SqmFunctionRegistry - Registered SqmFunctionTemplate [NamedSqmFunctionTemplate(radians)] under radians; prior registration was null
[DEBUG] 2024-02-17 20:26:45.801 [main] SqmFunctionRegistry - Registered SqmFunctionTemplate [NamedSqmFunctionTemplate(degrees)] under degrees; prior registration was null
[DEBUG] 2024-02-17 20:26:45.801 [main] SqmFunctionRegistry - Registered SqmFunctionTemplate [NamedSqmFunctionTemplate(cot)] under cot; prior registration was null
[DEBUG] 2024-02-17 20:26:45.801 [main] SqmFunctionRegistry - Registered SqmFunctionTemplate [NamedSqmFunctionTemplate(log)] under log; prior registration was org.hibernate.query.sqm.function.PatternBasedSqmFunctionDescriptor@183ade54
[DEBUG] 2024-02-17 20:26:45.801 [main] SqmFunctionRegistry - Registered SqmFunctionTemplate [NamedSqmFunctionTemplate(log2)] under log2; prior registration was null
[DEBUG] 2024-02-17 20:26:45.801 [main] SqmFunctionRegistry - Registered SqmFunctionTemplate [NamedSqmFunctionTemplate(log10)] under log10; prior registration was null
[DEBUG] 2024-02-17 20:26:45.801 [main] SqmFunctionRegistry - Registered SqmFunctionTemplate [NamedSqmFunctionTemplate(ltrim)] under ltrim; prior registration was null
[DEBUG] 2024-02-17 20:26:45.801 [main] SqmFunctionRegistry - Registered SqmFunctionTemplate [NamedSqmFunctionTemplate(rtrim)] under rtrim; prior registration was null
[DEBUG] 2024-02-17 20:26:45.801 [main] SqmFunctionRegistry - Registered SqmFunctionTemplate [NamedSqmFunctionTemplate(octet_length)] under octet_length; prior registration was null
[DEBUG] 2024-02-17 20:26:45.802 [main] SqmFunctionRegistry - Registered SqmFunctionTemplate [NamedSqmFunctionTemplate(reverse)] under reverse; prior registration was null
[DEBUG] 2024-02-17 20:26:45.802 [main] SqmFunctionRegistry - Registered SqmFunctionTemplate [NamedSqmFunctionTemplate(space)] under space; prior registration was null
[DEBUG] 2024-02-17 20:26:45.802 [main] SqmFunctionRegistry - Registered SqmFunctionTemplate [NamedSqmFunctionTemplate(repeat)] under repeat; prior registration was null
[DEBUG] 2024-02-17 20:26:45.802 [main] SqmFunctionRegistry - Registered SqmFunctionTemplate [org.hibernate.query.sqm.function.MultipatternSqmFunctionDescriptor@4bc59b27] under lpad; prior registration was NamedSqmFunctionTemplate(lpad)
[DEBUG] 2024-02-17 20:26:45.802 [main] SqmFunctionRegistry - Registered SqmFunctionTemplate [org.hibernate.query.sqm.function.MultipatternSqmFunctionDescriptor@4d7a64ca] under rpad; prior registration was NamedSqmFunctionTemplate(rpad)
[DEBUG] 2024-02-17 20:26:45.802 [main] SqmFunctionRegistry - Registered SqmFunctionTemplate [NamedSqmFunctionTemplate(md5)] under md5; prior registration was null
[DEBUG] 2024-02-17 20:26:45.802 [main] SqmFunctionRegistry - Registered SqmFunctionTemplate [NamedSqmFunctionTemplate(day)] under day; prior registration was null
[DEBUG] 2024-02-17 20:26:45.802 [main] SqmFunctionRegistry - Registered SqmFunctionTemplate [NamedSqmFunctionTemplate(month)] under month; prior registration was null
[DEBUG] 2024-02-17 20:26:45.802 [main] SqmFunctionRegistry - Registered SqmFunctionTemplate [NamedSqmFunctionTemplate(year)] under year; prior registration was null
[DEBUG] 2024-02-17 20:26:45.802 [main] SqmFunctionRegistry - Registered SqmFunctionTemplate [NamedSqmFunctionTemplate(hour)] under hour; prior registration was null
[DEBUG] 2024-02-17 20:26:45.802 [main] SqmFunctionRegistry - Registered SqmFunctionTemplate [NamedSqmFunctionTemplate(minute)] under minute; prior registration was null
[DEBUG] 2024-02-17 20:26:45.802 [main] SqmFunctionRegistry - Registered SqmFunctionTemplate [NamedSqmFunctionTemplate(second)] under second; prior registration was null
[DEBUG] 2024-02-17 20:26:45.802 [main] SqmFunctionRegistry - Registered SqmFunctionTemplate [NamedSqmFunctionTemplate(microsecond)] under microsecond; prior registration was null
[DEBUG] 2024-02-17 20:26:45.802 [main] SqmFunctionRegistry - Registered SqmFunctionTemplate [NamedSqmFunctionTemplate(dayofweek)] under dayofweek; prior registration was null
[DEBUG] 2024-02-17 20:26:45.802 [main] SqmFunctionRegistry - Registered SqmFunctionTemplate [NamedSqmFunctionTemplate(dayofmonth)] under dayofmonth; prior registration was null
[DEBUG] 2024-02-17 20:26:45.802 [main] SqmFunctionRegistry - Registering alternate key : day -> dayofmonth
[DEBUG] 2024-02-17 20:26:45.802 [main] SqmFunctionRegistry - Registered SqmFunctionTemplate [NamedSqmFunctionTemplate(dayofyear)] under dayofyear; prior registration was null
[DEBUG] 2024-02-17 20:26:45.802 [main] SqmFunctionRegistry - Registered SqmFunctionTemplate [NamedSqmFunctionTemplate(week)] under week; prior registration was null
[DEBUG] 2024-02-17 20:26:45.802 [main] SqmFunctionRegistry - Registered SqmFunctionTemplate [NamedSqmFunctionTemplate(quarter)] under quarter; prior registration was null
[DEBUG] 2024-02-17 20:26:45.802 [main] SqmFunctionRegistry - Registered SqmFunctionTemplate [NamedSqmFunctionTemplate(monthname)] under monthname; prior registration was null
[DEBUG] 2024-02-17 20:26:45.802 [main] SqmFunctionRegistry - Registered SqmFunctionTemplate [NamedSqmFunctionTemplate(dayname)] under dayname; prior registration was null
[DEBUG] 2024-02-17 20:26:45.802 [main] SqmFunctionRegistry - Registered SqmFunctionTemplate [NamedSqmFunctionTemplate(last_day)] under last_day; prior registration was null
[DEBUG] 2024-02-17 20:26:45.802 [main] SqmFunctionRegistry - Registered SqmFunctionTemplate [NamedSqmFunctionTemplate(date)] under date; prior registration was null
[DEBUG] 2024-02-17 20:26:45.802 [main] SqmFunctionRegistry - Registered SqmFunctionTemplate [NamedSqmFunctionTemplate(timestamp)] under timestamp; prior registration was null
[DEBUG] 2024-02-17 20:26:45.802 [main] SqmFunctionRegistry - Registered SqmFunctionTemplate [NamedSqmFunctionTemplate(time)] under time; prior registration was null
[DEBUG] 2024-02-17 20:26:45.802 [main] SqmFunctionRegistry - Registered SqmFunctionTemplate [NamedSqmFunctionTemplate(utc_date)] under utc_date; prior registration was null
[DEBUG] 2024-02-17 20:26:45.802 [main] SqmFunctionRegistry - Registered SqmFunctionTemplate [NamedSqmFunctionTemplate(utc_time)] under utc_time; prior registration was null
[DEBUG] 2024-02-17 20:26:45.802 [main] SqmFunctionRegistry - Registered SqmFunctionTemplate [NamedSqmFunctionTemplate(utc_timestamp)] under utc_timestamp; prior registration was null
[DEBUG] 2024-02-17 20:26:45.802 [main] SqmFunctionRegistry - Registered SqmFunctionTemplate [NamedSqmFunctionTemplate(rand)] under rand; prior registration was null
[DEBUG] 2024-02-17 20:26:45.802 [main] SqmFunctionRegistry - Registered SqmFunctionTemplate [NamedSqmFunctionTemplate(crc32)] under crc32; prior registration was null
[DEBUG] 2024-02-17 20:26:45.802 [main] SqmFunctionRegistry - Registered SqmFunctionTemplate [NamedSqmFunctionTemplate(sha1)] under sha1; prior registration was null
[DEBUG] 2024-02-17 20:26:45.802 [main] SqmFunctionRegistry - Registered SqmFunctionTemplate [NamedSqmFunctionTemplate(sha2)] under sha2; prior registration was null
[DEBUG] 2024-02-17 20:26:45.803 [main] SqmFunctionRegistry - Registered SqmFunctionTemplate [NamedSqmFunctionTemplate(sha)] under sha; prior registration was null
[DEBUG] 2024-02-17 20:26:45.803 [main] SqmFunctionRegistry - Registered SqmFunctionTemplate [NamedSqmFunctionTemplate(bit_length)] under bit_length; prior registration was null
[DEBUG] 2024-02-17 20:26:45.803 [main] SqmFunctionRegistry - Registered SqmFunctionTemplate [NamedSqmFunctionTemplate(octet_length)] under octet_length; prior registration was NamedSqmFunctionTemplate(octet_length)
[DEBUG] 2024-02-17 20:26:45.803 [main] SqmFunctionRegistry - Registered SqmFunctionTemplate [NamedSqmFunctionTemplate(ascii)] under ascii; prior registration was null
[DEBUG] 2024-02-17 20:26:45.803 [main] SqmFunctionRegistry - Registered SqmFunctionTemplate [NamedSqmFunctionTemplate(instr)] under instr; prior registration was null
[DEBUG] 2024-02-17 20:26:45.803 [main] SqmFunctionRegistry - Registered SqmFunctionTemplate [NamedSqmFunctionTemplate(substr)] under substr; prior registration was null
[DEBUG] 2024-02-17 20:26:45.803 [main] SqmFunctionRegistry - Registered SqmFunctionTemplate [org.hibernate.query.sqm.function.PatternBasedSqmFunctionDescriptor@76ff68c5] under position; prior registration was org.hibernate.dialect.function.LocatePositionEmulation@60f21960
[DEBUG] 2024-02-17 20:26:45.803 [main] SqmFunctionRegistry - Registered SqmFunctionTemplate [NamedSqmFunctionTemplate(curtime)] under curtime; prior registration was null
[DEBUG] 2024-02-17 20:26:45.803 [main] SqmFunctionRegistry - Registered SqmFunctionTemplate [NamedSqmFunctionTemplate(curdate)] under curdate; prior registration was null
[DEBUG] 2024-02-17 20:26:45.803 [main] SqmFunctionRegistry - Registered SqmFunctionTemplate [NamedSqmFunctionTemplate(now)] under now; prior registration was null
[DEBUG] 2024-02-17 20:26:45.804 [main] SqmFunctionRegistry - Registered SqmFunctionTemplate [org.hibernate.dialect.function.TruncFunction@1e3ff233] under trunc; prior registration was null
[DEBUG] 2024-02-17 20:26:45.804 [main] SqmFunctionRegistry - Registering alternate key : truncate -> trunc
[DEBUG] 2024-02-17 20:26:45.804 [main] SqmFunctionRegistry - Registered SqmFunctionTemplate [NamedSqmFunctionTemplate(insert)] under insert; prior registration was null
[DEBUG] 2024-02-17 20:26:45.804 [main] SqmFunctionRegistry - Registered SqmFunctionTemplate [org.hibernate.query.sqm.function.PatternBasedSqmFunctionDescriptor@3c952a33] under bitand; prior registration was null
[DEBUG] 2024-02-17 20:26:45.804 [main] SqmFunctionRegistry - Registered SqmFunctionTemplate [org.hibernate.query.sqm.function.PatternBasedSqmFunctionDescriptor@70029d2d] under bitor; prior registration was null
[DEBUG] 2024-02-17 20:26:45.804 [main] SqmFunctionRegistry - Registered SqmFunctionTemplate [org.hibernate.query.sqm.function.PatternBasedSqmFunctionDescriptor@1150d471] under bitxor; prior registration was null
[DEBUG] 2024-02-17 20:26:45.804 [main] SqmFunctionRegistry - Registered SqmFunctionTemplate [org.hibernate.query.sqm.function.PatternBasedSqmFunctionDescriptor@709f0202] under bitnot; prior registration was null
[DEBUG] 2024-02-17 20:26:45.805 [main] SqmFunctionRegistry - Registered SqmFunctionTemplate [NamedSqmFunctionTemplate(bit_and)] under bit_and; prior registration was null
[DEBUG] 2024-02-17 20:26:45.805 [main] SqmFunctionRegistry - Registered SqmFunctionTemplate [NamedSqmFunctionTemplate(bit_or)] under bit_or; prior registration was null
[DEBUG] 2024-02-17 20:26:45.805 [main] SqmFunctionRegistry - Registered SqmFunctionTemplate [NamedSqmFunctionTemplate(stddev)] under stddev; prior registration was null
[DEBUG] 2024-02-17 20:26:45.805 [main] SqmFunctionRegistry - Registered SqmFunctionTemplate [NamedSqmFunctionTemplate(stddev_pop)] under stddev_pop; prior registration was null
[DEBUG] 2024-02-17 20:26:45.805 [main] SqmFunctionRegistry - Registered SqmFunctionTemplate [NamedSqmFunctionTemplate(stddev_samp)] under stddev_samp; prior registration was null
[DEBUG] 2024-02-17 20:26:45.805 [main] SqmFunctionRegistry - Registered SqmFunctionTemplate [NamedSqmFunctionTemplate(variance)] under variance; prior registration was null
[DEBUG] 2024-02-17 20:26:45.805 [main] SqmFunctionRegistry - Registered SqmFunctionTemplate [NamedSqmFunctionTemplate(var_pop)] under var_pop; prior registration was null
[DEBUG] 2024-02-17 20:26:45.805 [main] SqmFunctionRegistry - Registered SqmFunctionTemplate [NamedSqmFunctionTemplate(var_samp)] under var_samp; prior registration was null
[DEBUG] 2024-02-17 20:26:45.805 [main] SqmFunctionRegistry - Registered SqmFunctionTemplate [NamedSqmFunctionTemplate(datediff)] under datediff; prior registration was null
[DEBUG] 2024-02-17 20:26:45.805 [main] SqmFunctionRegistry - Registered SqmFunctionTemplate [NamedSqmFunctionTemplate(adddate)] under adddate; prior registration was null
[DEBUG] 2024-02-17 20:26:45.805 [main] SqmFunctionRegistry - Registered SqmFunctionTemplate [NamedSqmFunctionTemplate(subdate)] under subdate; prior registration was null
[DEBUG] 2024-02-17 20:26:45.805 [main] SqmFunctionRegistry - Registered SqmFunctionTemplate [NamedSqmFunctionTemplate(addtime)] under addtime; prior registration was null
[DEBUG] 2024-02-17 20:26:45.805 [main] SqmFunctionRegistry - Registered SqmFunctionTemplate [NamedSqmFunctionTemplate(subtime)] under subtime; prior registration was null
[DEBUG] 2024-02-17 20:26:45.805 [main] SqmFunctionRegistry - Registered SqmFunctionTemplate [org.hibernate.dialect.function.FormatFunction@654e6a90] under format; prior registration was org.hibernate.dialect.function.FormatFunction@494c8f29
[DEBUG] 2024-02-17 20:26:45.805 [main] SqmFunctionRegistry - Registered SqmFunctionTemplate [NamedSqmFunctionTemplate(makedate)] under makedate; prior registration was null
[DEBUG] 2024-02-17 20:26:45.805 [main] SqmFunctionRegistry - Registered SqmFunctionTemplate [NamedSqmFunctionTemplate(maketime)] under maketime; prior registration was null
[DEBUG] 2024-02-17 20:26:45.805 [main] SqmFunctionRegistry - Registered SqmFunctionTemplate [NamedSqmFunctionTemplate(localtime)] under localtime; prior registration was null
[DEBUG] 2024-02-17 20:26:45.805 [main] SqmFunctionRegistry - Registered SqmFunctionTemplate [NamedSqmFunctionTemplate(localtimestamp)] under localtimestamp; prior registration was null
[DEBUG] 2024-02-17 20:26:45.805 [main] SqmFunctionRegistry - Registered SqmFunctionTemplate [NamedSqmFunctionTemplate(localtime)] under local_time; prior registration was org.hibernate.dialect.function.CurrentFunction@14447be
[DEBUG] 2024-02-17 20:26:45.805 [main] SqmFunctionRegistry - Registered SqmFunctionTemplate [NamedSqmFunctionTemplate(localtimestamp)] under local_datetime; prior registration was org.hibernate.dialect.function.CurrentFunction@5eb5da12
[DEBUG] 2024-02-17 20:26:45.805 [main] SqmFunctionRegistry - Registered SqmFunctionTemplate [NamedSqmFunctionTemplate(localtime)] under localtime; prior registration was NamedSqmFunctionTemplate(localtime)
[DEBUG] 2024-02-17 20:26:45.805 [main] SqmFunctionRegistry - Registered SqmFunctionTemplate [org.hibernate.query.sqm.function.PatternBasedSqmFunctionDescriptor@14168e1] under pi; prior registration was org.hibernate.query.sqm.function.PatternBasedSqmFunctionDescriptor@4de79b7d
[DEBUG] 2024-02-17 20:26:45.805 [main] SqmFunctionRegistry - Registered SqmFunctionTemplate [org.hibernate.query.sqm.function.PatternBasedSqmFunctionDescriptor@16a5c7e4] under chr; prior registration was null
[DEBUG] 2024-02-17 20:26:45.805 [main] SqmFunctionRegistry - Registering alternate key : char -> chr
[DEBUG] 2024-02-17 20:26:45.805 [main] SqmFunctionRegistry - Registered SqmFunctionTemplate [org.hibernate.query.sqm.function.PatternBasedSqmFunctionDescriptor@1e225820] under sysdate; prior registration was null
[DEBUG] 2024-02-17 20:26:45.805 [main] SqmFunctionRegistry - Registered SqmFunctionTemplate [NamedSqmFunctionTemplate(row_number)] under row_number; prior registration was null
[DEBUG] 2024-02-17 20:26:45.805 [main] SqmFunctionRegistry - Registered SqmFunctionTemplate [NamedSqmFunctionTemplate(lag)] under lag; prior registration was null
[DEBUG] 2024-02-17 20:26:45.805 [main] SqmFunctionRegistry - Registered SqmFunctionTemplate [NamedSqmFunctionTemplate(lead)] under lead; prior registration was null
[DEBUG] 2024-02-17 20:26:45.805 [main] SqmFunctionRegistry - Registered SqmFunctionTemplate [NamedSqmFunctionTemplate(first_value)] under first_value; prior registration was null
[DEBUG] 2024-02-17 20:26:45.805 [main] SqmFunctionRegistry - Registered SqmFunctionTemplate [NamedSqmFunctionTemplate(last_value)] under last_value; prior registration was null
[DEBUG] 2024-02-17 20:26:45.805 [main] SqmFunctionRegistry - Registered SqmFunctionTemplate [NamedSqmFunctionTemplate(nth_value)] under nth_value; prior registration was null
[DEBUG] 2024-02-17 20:26:45.806 [main] SqmFunctionRegistry - Registered SqmFunctionTemplate [org.hibernate.dialect.function.HypotheticalSetWindowEmulation@c02670f] under rank; prior registration was null
[DEBUG] 2024-02-17 20:26:45.806 [main] SqmFunctionRegistry - Registered SqmFunctionTemplate [org.hibernate.dialect.function.HypotheticalSetWindowEmulation@71179b6f] under dense_rank; prior registration was null
[DEBUG] 2024-02-17 20:26:45.806 [main] SqmFunctionRegistry - Registered SqmFunctionTemplate [org.hibernate.dialect.function.HypotheticalSetWindowEmulation@13bdf540] under percent_rank; prior registration was null
[DEBUG] 2024-02-17 20:26:45.806 [main] SqmFunctionRegistry - Registered SqmFunctionTemplate [org.hibernate.dialect.function.HypotheticalSetWindowEmulation@526e8108] under cume_dist; prior registration was null
[DEBUG] 2024-02-17 20:26:45.806 [main] SqmFunctionRegistry - Registered SqmFunctionTemplate [org.hibernate.dialect.function.ListaggGroupConcatEmulation@5ae1c281] under listagg; prior registration was null
[DEBUG] 2024-02-17 20:26:45.808 [main] HQL_FUNCTIONS - abs(NUMERIC arg)
[DEBUG] 2024-02-17 20:26:45.808 [main] HQL_FUNCTIONS - Double acos(NUMERIC arg)
[DEBUG] 2024-02-17 20:26:45.808 [main] HQL_FUNCTIONS - adddate(DATE datetime, INTEGER days)
[DEBUG] 2024-02-17 20:26:45.808 [main] HQL_FUNCTIONS - addtime(TIME datetime, TIME time)
[DEBUG] 2024-02-17 20:26:45.808 [main] HQL_FUNCTIONS - Boolean any(BOOLEAN arg)
[DEBUG] 2024-02-17 20:26:45.808 [main] HQL_FUNCTIONS - Integer ascii(STRING arg)
[DEBUG] 2024-02-17 20:26:45.808 [main] HQL_FUNCTIONS - Double asin(NUMERIC arg)
[DEBUG] 2024-02-17 20:26:45.808 [main] HQL_FUNCTIONS - Double atan(NUMERIC arg)
[DEBUG] 2024-02-17 20:26:45.808 [main] HQL_FUNCTIONS - Double atan2(NUMERIC arg0, NUMERIC arg1)
[DEBUG] 2024-02-17 20:26:45.808 [main] HQL_FUNCTIONS - avg(arg)
[DEBUG] 2024-02-17 20:26:45.808 [main] HQL_FUNCTIONS - bit_and(arg)
[DEBUG] 2024-02-17 20:26:45.808 [main] HQL_FUNCTIONS - Integer bit_length(STRING_OR_CLOB arg)
[DEBUG] 2024-02-17 20:26:45.808 [main] HQL_FUNCTIONS - bit_or(arg)
[DEBUG] 2024-02-17 20:26:45.808 [main] HQL_FUNCTIONS - bitand(arg0, arg1)
[DEBUG] 2024-02-17 20:26:45.808 [main] HQL_FUNCTIONS - bitnot(arg)
[DEBUG] 2024-02-17 20:26:45.808 [main] HQL_FUNCTIONS - bitor(arg0, arg1)
[DEBUG] 2024-02-17 20:26:45.808 [main] HQL_FUNCTIONS - bitxor(arg0, arg1)
[DEBUG] 2024-02-17 20:26:45.808 [main] HQL_FUNCTIONS - cast(arg as Type)
[DEBUG] 2024-02-17 20:26:45.808 [main] HQL_FUNCTIONS - ceiling(NUMERIC arg)
[DEBUG] 2024-02-17 20:26:45.808 [main] HQL_FUNCTIONS - Character char(INTEGER arg)
[DEBUG] 2024-02-17 20:26:45.808 [main] HQL_FUNCTIONS - Integer character_length(STRING_OR_CLOB arg)
[DEBUG] 2024-02-17 20:26:45.808 [main] HQL_FUNCTIONS - Character chr(INTEGER arg)
[DEBUG] 2024-02-17 20:26:45.808 [main] HQL_FUNCTIONS - coalesce(arg0[, arg1[, ...]])
[DEBUG] 2024-02-17 20:26:45.808 [main] HQL_FUNCTIONS - String collate(STRING string as COLLATION collation)
[DEBUG] 2024-02-17 20:26:45.808 [main] HQL_FUNCTIONS - String concat(STRING string0[, STRING string1[, ...]])
[DEBUG] 2024-02-17 20:26:45.808 [main] HQL_FUNCTIONS - Double cos(NUMERIC arg)
[DEBUG] 2024-02-17 20:26:45.808 [main] HQL_FUNCTIONS - Double cosh(NUMERIC arg)
[DEBUG] 2024-02-17 20:26:45.808 [main] HQL_FUNCTIONS - Double cot(NUMERIC arg)
[DEBUG] 2024-02-17 20:26:45.808 [main] HQL_FUNCTIONS - Long count([distinct ]{arg|*})
[DEBUG] 2024-02-17 20:26:45.808 [main] HQL_FUNCTIONS - Integer crc32(arg)
[DEBUG] 2024-02-17 20:26:45.808 [main] HQL_FUNCTIONS - Double cume_dist([arg0[, ...]])
[DEBUG] 2024-02-17 20:26:45.808 [main] HQL_FUNCTIONS - Date curdate()
[DEBUG] 2024-02-17 20:26:45.808 [main] HQL_FUNCTIONS - Date current date
[DEBUG] 2024-02-17 20:26:45.808 [main] HQL_FUNCTIONS - Time current time
[DEBUG] 2024-02-17 20:26:45.808 [main] HQL_FUNCTIONS - Timestamp current timestamp
[DEBUG] 2024-02-17 20:26:45.808 [main] HQL_FUNCTIONS - Date current_date
[DEBUG] 2024-02-17 20:26:45.808 [main] HQL_FUNCTIONS - Instant current_instant
[DEBUG] 2024-02-17 20:26:45.808 [main] HQL_FUNCTIONS - Time current_time
[DEBUG] 2024-02-17 20:26:45.808 [main] HQL_FUNCTIONS - Timestamp current_timestamp
[DEBUG] 2024-02-17 20:26:45.808 [main] HQL_FUNCTIONS - Time curtime()
[DEBUG] 2024-02-17 20:26:45.808 [main] HQL_FUNCTIONS - Date date(arg)
[DEBUG] 2024-02-17 20:26:45.808 [main] HQL_FUNCTIONS - dateadd(TEMPORAL_UNIT field, INTEGER magnitude, TEMPORAL datetime)
[DEBUG] 2024-02-17 20:26:45.808 [main] HQL_FUNCTIONS - Integer datediff(DATE end, DATE start)
[DEBUG] 2024-02-17 20:26:45.809 [main] HQL_FUNCTIONS - Integer day(DATE arg)
[DEBUG] 2024-02-17 20:26:45.809 [main] HQL_FUNCTIONS - String dayname(DATE arg)
[DEBUG] 2024-02-17 20:26:45.809 [main] HQL_FUNCTIONS - Integer dayofmonth(DATE arg)
[DEBUG] 2024-02-17 20:26:45.809 [main] HQL_FUNCTIONS - Integer dayofweek(DATE arg)
[DEBUG] 2024-02-17 20:26:45.809 [main] HQL_FUNCTIONS - Integer dayofyear(DATE arg)
[DEBUG] 2024-02-17 20:26:45.809 [main] HQL_FUNCTIONS - Double degrees(NUMERIC arg)
[DEBUG] 2024-02-17 20:26:45.809 [main] HQL_FUNCTIONS - Long dense_rank([arg0[, ...]])
[DEBUG] 2024-02-17 20:26:45.809 [main] HQL_FUNCTIONS - Boolean every(BOOLEAN arg)
[DEBUG] 2024-02-17 20:26:45.809 [main] HQL_FUNCTIONS - Double exp(NUMERIC arg)
[DEBUG] 2024-02-17 20:26:45.809 [main] HQL_FUNCTIONS - extract(TEMPORAL_UNIT field from TEMPORAL arg)
[DEBUG] 2024-02-17 20:26:45.809 [main] HQL_FUNCTIONS - first_valueANY value
[DEBUG] 2024-02-17 20:26:45.809 [main] HQL_FUNCTIONS - floor(NUMERIC arg)
[DEBUG] 2024-02-17 20:26:45.809 [main] HQL_FUNCTIONS - String format(TEMPORAL datetime as STRING pattern)
[DEBUG] 2024-02-17 20:26:45.809 [main] HQL_FUNCTIONS - greatest(COMPARABLE arg0, COMPARABLE arg1[, arg2[, ...]])
[DEBUG] 2024-02-17 20:26:45.809 [main] HQL_FUNCTIONS - Integer hour(TIME arg)
[DEBUG] 2024-02-17 20:26:45.809 [main] HQL_FUNCTIONS - ifnull(arg0, arg1)
[DEBUG] 2024-02-17 20:26:45.809 [main] HQL_FUNCTIONS - String insert(STRING string, INTEGER start, INTEGER length, STRING replacement)
[DEBUG] 2024-02-17 20:26:45.809 [main] HQL_FUNCTIONS - Instant instant
[DEBUG] 2024-02-17 20:26:45.809 [main] HQL_FUNCTIONS - Integer instr(STRING string, STRING pattern[, INTEGER start[, INTEGER occurrence]])
[DEBUG] 2024-02-17 20:26:45.809 [main] HQL_FUNCTIONS - lagANY value[, INTEGER offset[, ANY default]]
[DEBUG] 2024-02-17 20:26:45.809 [main] HQL_FUNCTIONS - Date last_day(DATE arg)
[DEBUG] 2024-02-17 20:26:45.809 [main] HQL_FUNCTIONS - last_valueANY value
[DEBUG] 2024-02-17 20:26:45.809 [main] HQL_FUNCTIONS - leadANY value[, INTEGER offset[, ANY default]]
[DEBUG] 2024-02-17 20:26:45.809 [main] HQL_FUNCTIONS - least(COMPARABLE arg0, COMPARABLE arg1[, arg2[, ...]])
[DEBUG] 2024-02-17 20:26:45.809 [main] HQL_FUNCTIONS - String left(STRING string, INTEGER length)
[DEBUG] 2024-02-17 20:26:45.809 [main] HQL_FUNCTIONS - Integer length(STRING_OR_CLOB arg)
[DEBUG] 2024-02-17 20:26:45.809 [main] HQL_FUNCTIONS - String listagg(STRING arg0, STRING arg1)
[DEBUG] 2024-02-17 20:26:45.809 [main] HQL_FUNCTIONS - Double ln(NUMERIC arg)
[DEBUG] 2024-02-17 20:26:45.809 [main] HQL_FUNCTIONS - LocalDate local date
[DEBUG] 2024-02-17 20:26:45.809 [main] HQL_FUNCTIONS - LocalDateTime local datetime
[DEBUG] 2024-02-17 20:26:45.809 [main] HQL_FUNCTIONS - LocalTime local time
[DEBUG] 2024-02-17 20:26:45.809 [main] HQL_FUNCTIONS - LocalDate local_date
[DEBUG] 2024-02-17 20:26:45.809 [main] HQL_FUNCTIONS - LocalDateTime local_datetime
[DEBUG] 2024-02-17 20:26:45.809 [main] HQL_FUNCTIONS - LocalTime local_time
[DEBUG] 2024-02-17 20:26:45.809 [main] HQL_FUNCTIONS - Timestamp localtime
[DEBUG] 2024-02-17 20:26:45.809 [main] HQL_FUNCTIONS - Timestamp localtimestamp
[DEBUG] 2024-02-17 20:26:45.809 [main] HQL_FUNCTIONS - Integer locate(STRING pattern, STRING string[, INTEGER start])
[DEBUG] 2024-02-17 20:26:45.809 [main] HQL_FUNCTIONS - Double log(NUMERIC arg0[, NUMERIC arg1])
[DEBUG] 2024-02-17 20:26:45.809 [main] HQL_FUNCTIONS - Double log10(NUMERIC arg)
[DEBUG] 2024-02-17 20:26:45.809 [main] HQL_FUNCTIONS - Double log2(NUMERIC arg)
[DEBUG] 2024-02-17 20:26:45.809 [main] HQL_FUNCTIONS - String lower(STRING string)
[DEBUG] 2024-02-17 20:26:45.809 [main] HQL_FUNCTIONS - String lpad(string, length[, padding])
[DEBUG] 2024-02-17 20:26:45.809 [main] HQL_FUNCTIONS - String ltrim(STRING string[, STRING characters])
[DEBUG] 2024-02-17 20:26:45.809 [main] HQL_FUNCTIONS - Date makedate(INTEGER year, INTEGER dayofyear)
[DEBUG] 2024-02-17 20:26:45.809 [main] HQL_FUNCTIONS - Time maketime(INTEGER hour, INTEGER min, INTEGER sec)
[DEBUG] 2024-02-17 20:26:45.809 [main] HQL_FUNCTIONS - max(COMPARABLE arg)
[DEBUG] 2024-02-17 20:26:45.809 [main] HQL_FUNCTIONS - String md5(arg)
[DEBUG] 2024-02-17 20:26:45.809 [main] HQL_FUNCTIONS - Integer microsecond(TIME arg)
[DEBUG] 2024-02-17 20:26:45.809 [main] HQL_FUNCTIONS - min(COMPARABLE arg)
[DEBUG] 2024-02-17 20:26:45.809 [main] HQL_FUNCTIONS - Integer minute(TIME arg)
[DEBUG] 2024-02-17 20:26:45.809 [main] HQL_FUNCTIONS - Integer mod(INTEGER arg0, INTEGER arg1)
[DEBUG] 2024-02-17 20:26:45.809 [main] HQL_FUNCTIONS - Integer month(DATE arg)
[DEBUG] 2024-02-17 20:26:45.809 [main] HQL_FUNCTIONS - String monthname(DATE arg)
[DEBUG] 2024-02-17 20:26:45.809 [main] HQL_FUNCTIONS - Timestamp now()
[DEBUG] 2024-02-17 20:26:45.809 [main] HQL_FUNCTIONS - nth_valueANY value, INTEGER nth
[DEBUG] 2024-02-17 20:26:45.809 [main] HQL_FUNCTIONS - nullif(arg0, arg1)
[DEBUG] 2024-02-17 20:26:45.809 [main] HQL_FUNCTIONS - Integer octet_length(STRING_OR_CLOB arg)
[DEBUG] 2024-02-17 20:26:45.809 [main] HQL_FUNCTIONS - OffsetDateTime offset datetime
[DEBUG] 2024-02-17 20:26:45.809 [main] HQL_FUNCTIONS - OffsetDateTime offset_datetime
[DEBUG] 2024-02-17 20:26:45.809 [main] HQL_FUNCTIONS - String overlay(STRING string placing STRING replacement from INTEGER start[ for INTEGER length])
[DEBUG] 2024-02-17 20:26:45.809 [main] HQL_FUNCTIONS - String pad(STRING string with INTEGER length {leading|trailing}[ STRING character])
[DEBUG] 2024-02-17 20:26:45.809 [main] HQL_FUNCTIONS - Double percent_rank([arg0[, ...]])
[DEBUG] 2024-02-17 20:26:45.809 [main] HQL_FUNCTIONS - Double pi
[DEBUG] 2024-02-17 20:26:45.809 [main] HQL_FUNCTIONS - Integer position(STRING pattern in STRING string)
[DEBUG] 2024-02-17 20:26:45.809 [main] HQL_FUNCTIONS - Double power(NUMERIC arg0, NUMERIC arg1)
[DEBUG] 2024-02-17 20:26:45.809 [main] HQL_FUNCTIONS - Integer quarter(DATE arg)
[DEBUG] 2024-02-17 20:26:45.809 [main] HQL_FUNCTIONS - Double radians(NUMERIC arg)
[DEBUG] 2024-02-17 20:26:45.809 [main] HQL_FUNCTIONS - Double rand([INTEGER seed])
[DEBUG] 2024-02-17 20:26:45.809 [main] HQL_FUNCTIONS - Long rank([arg0[, ...]])
[DEBUG] 2024-02-17 20:26:45.809 [main] HQL_FUNCTIONS - String repeat(STRING string, INTEGER times)
[DEBUG] 2024-02-17 20:26:45.809 [main] HQL_FUNCTIONS - String replace(STRING string, STRING pattern, STRING replacement)
[DEBUG] 2024-02-17 20:26:45.809 [main] HQL_FUNCTIONS - String reverse(STRING arg)
[DEBUG] 2024-02-17 20:26:45.809 [main] HQL_FUNCTIONS - String right(STRING string, INTEGER length)
[DEBUG] 2024-02-17 20:26:45.809 [main] HQL_FUNCTIONS - round(NUMERIC number[, INTEGER places])
[DEBUG] 2024-02-17 20:26:45.809 [main] HQL_FUNCTIONS - Long row_number()
[DEBUG] 2024-02-17 20:26:45.809 [main] HQL_FUNCTIONS - String rpad(string, length[, padding])
[DEBUG] 2024-02-17 20:26:45.809 [main] HQL_FUNCTIONS - String rtrim(STRING string[, STRING characters])
[DEBUG] 2024-02-17 20:26:45.809 [main] HQL_FUNCTIONS - Integer second(TIME arg)
[DEBUG] 2024-02-17 20:26:45.810 [main] HQL_FUNCTIONS - String sha(arg)
[DEBUG] 2024-02-17 20:26:45.810 [main] HQL_FUNCTIONS - String sha1(arg)
[DEBUG] 2024-02-17 20:26:45.810 [main] HQL_FUNCTIONS - String sha2(arg0, arg1)
[DEBUG] 2024-02-17 20:26:45.810 [main] HQL_FUNCTIONS - Integer sign(NUMERIC arg)
[DEBUG] 2024-02-17 20:26:45.810 [main] HQL_FUNCTIONS - Double sin(NUMERIC arg)
[DEBUG] 2024-02-17 20:26:45.810 [main] HQL_FUNCTIONS - Double sinh(NUMERIC arg)
[DEBUG] 2024-02-17 20:26:45.810 [main] HQL_FUNCTIONS - String soundex(arg)
[DEBUG] 2024-02-17 20:26:45.810 [main] HQL_FUNCTIONS - String space(INTEGER arg)
[DEBUG] 2024-02-17 20:26:45.810 [main] HQL_FUNCTIONS - Object sql
[DEBUG] 2024-02-17 20:26:45.810 [main] HQL_FUNCTIONS - Double sqrt(NUMERIC arg)
[DEBUG] 2024-02-17 20:26:45.810 [main] HQL_FUNCTIONS - Double stddev(NUMERIC arg)
[DEBUG] 2024-02-17 20:26:45.810 [main] HQL_FUNCTIONS - Double stddev_pop(NUMERIC arg)
[DEBUG] 2024-02-17 20:26:45.810 [main] HQL_FUNCTIONS - Double stddev_samp(NUMERIC arg)
[DEBUG] 2024-02-17 20:26:45.810 [main] HQL_FUNCTIONS - String str(arg)
[DEBUG] 2024-02-17 20:26:45.810 [main] HQL_FUNCTIONS - subdate(DATE datetime, INTEGER days)
[DEBUG] 2024-02-17 20:26:45.810 [main] HQL_FUNCTIONS - String substr(STRING string, INTEGER start[, INTEGER length])
[DEBUG] 2024-02-17 20:26:45.810 [main] HQL_FUNCTIONS - String substring(STRING string{ from|,} INTEGER start[{ for|,} INTEGER length])
[DEBUG] 2024-02-17 20:26:45.810 [main] HQL_FUNCTIONS - subtime(TIME datetime, TIME time)
[DEBUG] 2024-02-17 20:26:45.810 [main] HQL_FUNCTIONS - sum(arg)
[DEBUG] 2024-02-17 20:26:45.810 [main] HQL_FUNCTIONS - Timestamp sysdate()
[DEBUG] 2024-02-17 20:26:45.810 [main] HQL_FUNCTIONS - Double tan(NUMERIC arg)
[DEBUG] 2024-02-17 20:26:45.810 [main] HQL_FUNCTIONS - Double tanh(NUMERIC arg)
[DEBUG] 2024-02-17 20:26:45.810 [main] HQL_FUNCTIONS - String time(arg)
[DEBUG] 2024-02-17 20:26:45.810 [main] HQL_FUNCTIONS - Timestamp timestamp(arg0[, arg1])
[DEBUG] 2024-02-17 20:26:45.810 [main] HQL_FUNCTIONS - timestampadd(TEMPORAL_UNIT field, INTEGER magnitude, TEMPORAL datetime)
[DEBUG] 2024-02-17 20:26:45.810 [main] HQL_FUNCTIONS - basicType@14(java.lang.Long,-5)|basicType@17(java.lang.Double,8) timestampdiff(TEMPORAL_UNIT field, TEMPORAL start, TEMPORAL end)
[DEBUG] 2024-02-17 20:26:45.810 [main] HQL_FUNCTIONS - String trim([[{leading|trailing|both} ][STRING arg0 ]from] STRING arg1)
[DEBUG] 2024-02-17 20:26:45.810 [main] HQL_FUNCTIONS - trunc( ... )
[DEBUG] 2024-02-17 20:26:45.810 [main] HQL_FUNCTIONS - truncate( ... )
[DEBUG] 2024-02-17 20:26:45.810 [main] HQL_FUNCTIONS - String upper(STRING string)
[DEBUG] 2024-02-17 20:26:45.810 [main] HQL_FUNCTIONS - Date utc_date
[DEBUG] 2024-02-17 20:26:45.810 [main] HQL_FUNCTIONS - Time utc_time
[DEBUG] 2024-02-17 20:26:45.810 [main] HQL_FUNCTIONS - Timestamp utc_timestamp
[DEBUG] 2024-02-17 20:26:45.810 [main] HQL_FUNCTIONS - Double var_pop(NUMERIC arg)
[DEBUG] 2024-02-17 20:26:45.810 [main] HQL_FUNCTIONS - Double var_samp(NUMERIC arg)
[DEBUG] 2024-02-17 20:26:45.810 [main] HQL_FUNCTIONS - Double variance(NUMERIC arg)
[DEBUG] 2024-02-17 20:26:45.810 [main] HQL_FUNCTIONS - Integer week(DATE arg)
[DEBUG] 2024-02-17 20:26:45.810 [main] HQL_FUNCTIONS - Integer year(DATE arg)
[DEBUG] 2024-02-17 20:26:45.812 [main] cache - Starting QueryInterpretationCache(2048)
[DEBUG] 2024-02-17 20:26:45.863 [main] SessionFactoryServiceRegistryImpl - EventListenerRegistry access via ServiceRegistry is deprecated.  Use `sessionFactory.getEventEngine().getListenerRegistry()` instead
[DEBUG] 2024-02-17 20:26:45.864 [main] EntityCopyObserverFactoryInitiator - Configured EntityCopyObserver strategy: disallow
[DEBUG] 2024-02-17 20:26:45.913 [main] ClassLoaderAccessImpl - Not known whether passed class name [com.mnuenninghoff.entity.InteractionTraits] is safe
[DEBUG] 2024-02-17 20:26:45.914 [main] ClassLoaderAccessImpl - No temp ClassLoader provided; using live ClassLoader for loading potentially unsafe class : com.mnuenninghoff.entity.InteractionTraits
[DEBUG] 2024-02-17 20:26:45.992 [main] BytecodeProviderImpl - HHH000513: Unable to create the ReflectionOptimizer for [com.mnuenninghoff.entity.InteractionTraits]: private accessor [interactionTraits]
[DEBUG] 2024-02-17 20:26:46.016 [main] creation - Starting post-init callbacks
[DEBUG] 2024-02-17 20:26:46.016 [main] creation - Starting PostInitCallbackEntry : Entity(com.mnuenninghoff.entity.InteractionTraits) `staticFetchableList` generator
[DEBUG] 2024-02-17 20:26:46.051 [main] create - Created new SQL alias : it1_0
[DEBUG] 2024-02-17 20:26:46.052 [main] create - Registration of TableGroup [StandardTableGroup(com.mnuenninghoff.entity.InteractionTraits)] with identifierForTableGroup [com.mnuenninghoff.entity.InteractionTraits] for NavigablePath [com.mnuenninghoff.entity.InteractionTraits] 
[DEBUG] 2024-02-17 20:26:46.059 [main] AST - DomainResult Graph:
 \-EntityResultImpl [com.mnuenninghoff.entity.InteractionTraits]
 |  \-BasicFetch [com.mnuenninghoff.entity.InteractionTraits.interactionTraits]

[DEBUG] 2024-02-17 20:26:46.063 [main] tree - SQL AST Tree:
    SelectStatement {
      FromClause {
        StandardTableGroup (it1 : com.mnuenninghoff.entity.InteractionTraits) {
          primaryTableReference : Interaction_Traits as it1_0
        }
      }
    }

[DEBUG] 2024-02-17 20:26:46.067 [main] AbstractEntityPersister - Static SQL for entity: com.mnuenninghoff.entity.InteractionTraits
[DEBUG] 2024-02-17 20:26:46.067 [main] AbstractEntityPersister -  Version select: select id from Interaction_Traits where id=?
[DEBUG] 2024-02-17 20:26:46.067 [main] AbstractEntityPersister -  Insert (0): insert into Interaction_Traits (trait) values (?)
[DEBUG] 2024-02-17 20:26:46.067 [main] AbstractEntityPersister -  Update (0): update Interaction_Traits set trait=? where id=?
[DEBUG] 2024-02-17 20:26:46.067 [main] AbstractEntityPersister -  Delete (0): delete from Interaction_Traits where id=?
[DEBUG] 2024-02-17 20:26:46.078 [main] JtaPlatformInitiator - No JtaPlatform was specified, checking resolver
[DEBUG] 2024-02-17 20:26:46.079 [main] JtaPlatformResolverInitiator - No JtaPlatformResolver was specified, using default [org.hibernate.engine.transaction.jta.platform.internal.StandardJtaPlatformResolver]
[DEBUG] 2024-02-17 20:26:46.081 [main] StandardJtaPlatformResolver - Could not resolve JtaPlatform, using default [org.hibernate.engine.transaction.jta.platform.internal.NoJtaPlatform]
[INFO ] 2024-02-17 20:26:46.081 [main] JtaPlatformInitiator - HHH000489: No JTA platform available (set 'hibernate.transaction.jta.platform' to enable JTA platform integration)
[DEBUG] 2024-02-17 20:26:46.081 [main] TypeConfiguration$Scope - Scoping TypeConfiguration [org.hibernate.type.spi.TypeConfiguration@1835d3ed] to SessionFactoryImplementor [org.hibernate.internal.SessionFactoryImpl@426710f0]
[DEBUG] 2024-02-17 20:26:46.082 [main] NamedObjectRepository - Checking 0 named HQL queries
[DEBUG] 2024-02-17 20:26:46.082 [main] NamedObjectRepository - Checking 0 named SQL queries
[DEBUG] 2024-02-17 20:26:46.082 [main] SchemaManagementToolCoordinator - No schema actions specified for contributor `orm`; doing nothing
[DEBUG] 2024-02-17 20:26:46.082 [main] SchemaManagementToolCoordinator - No actions found; doing nothing
[DEBUG] 2024-02-17 20:26:46.083 [main] SessionFactoryRegistry - Initializing SessionFactoryRegistry : org.hibernate.internal.SessionFactoryRegistry@2de3b052
[DEBUG] 2024-02-17 20:26:46.083 [main] SessionFactoryRegistry - Registering SessionFactory: 77e4248b-32ea-4dc5-9720-597fe60c0e11 (<unnamed>)
[DEBUG] 2024-02-17 20:26:46.083 [main] SessionFactoryRegistry - Not binding SessionFactory to JNDI, no JNDI name configured
[DEBUG] 2024-02-17 20:26:46.083 [main] SessionFactoryImpl - Instantiated SessionFactory
